2019-09-27 14:45:18,113 [ModalContext] INFO  o.e.m.c.i.e.AbstractTransferListenerAdapter - Downloading https://repo.maven.apache.org/maven2/org/apache/maven/archetypes/maven-archetype-archetype/1.0/maven-archetype-archetype-1.0.jar
2019-09-27 14:45:18,394 [ModalContext] INFO  o.e.m.c.i.e.AbstractTransferListenerAdapter - Downloaded https://repo.maven.apache.org/maven2/org/apache/maven/archetypes/maven-archetype-archetype/1.0/maven-archetype-archetype-1.0.jar
2019-09-27 14:45:18,571 [ModalContext] INFO  o.e.m.c.i.e.AbstractTransferListenerAdapter - Downloading https://repo.maven.apache.org/maven2/org/apache/maven/archetypes/maven-archetype-archetype/1.0/maven-archetype-archetype-1.0.pom
2019-09-27 14:45:18,726 [ModalContext] INFO  o.e.m.c.i.e.AbstractTransferListenerAdapter - Downloaded https://repo.maven.apache.org/maven2/org/apache/maven/archetypes/maven-archetype-archetype/1.0/maven-archetype-archetype-1.0.pom
2019-09-27 14:46:26,800 [Worker-4] INFO  o.e.m.c.i.p.ProjectConfigurationManager - Collecting project info '/pom.xml' C:\fullstackjava\microservices\AdvanceHibernate\pom.xml
2019-09-27 14:46:36,991 [Worker-4] INFO  o.e.m.c.i.l.LifecycleMappingFactory - Using org.eclipse.m2e.jdt.JarLifecycleMapping lifecycle mapping for MavenProject: com.rishab:AdvanceHibernate:0.0.1-SNAPSHOT @ C:\fullstackjava\microservices\AdvanceHibernate\pom.xml.
2019-09-27 14:46:41,219 [Worker-4] INFO  o.e.m.j.i.AbstractJavaProjectConfigurator - Adding source folder /AdvanceHibernate/src/main/java
2019-09-27 14:46:41,228 [Worker-4] INFO  o.e.m.j.i.AbstractJavaProjectConfigurator - Adding source folder /AdvanceHibernate/src/test/java
2019-09-27 14:46:47,375 [Worker-4] INFO  o.e.m.c.i.p.ProjectConfigurationManager - Imported and configured 1 project(s) in 20 sec
2019-09-27 14:46:54,182 [Worker-17] INFO  o.e.m.c.i.embedder.EclipseLogger - Using 'UTF-8' encoding to copy filtered resources.
2019-09-27 14:46:54,183 [Worker-17] INFO  o.e.m.c.i.embedder.EclipseLogger - skip non existing resourceDirectory C:\fullstackjava\microservices\AdvanceHibernate\src\main\resources
2019-09-27 14:46:54,186 [Worker-17] INFO  o.e.m.c.i.embedder.EclipseLogger - Using 'UTF-8' encoding to copy filtered resources.
2019-09-27 14:46:54,186 [Worker-17] INFO  o.e.m.c.i.embedder.EclipseLogger - skip non existing resourceDirectory C:\fullstackjava\microservices\AdvanceHibernate\src\test\resources
2019-09-27 14:48:39,826 [Worker-4] INFO  o.e.m.c.i.l.LifecycleMappingFactory - Using org.eclipse.m2e.jdt.JarLifecycleMapping lifecycle mapping for MavenProject: com.rishab:AdvanceHibernate:0.0.1-SNAPSHOT @ C:\fullstackjava\microservices\AdvanceHibernate\pom.xml.
2019-09-27 14:48:47,042 [Worker-4] INFO  o.e.m.c.i.embedder.EclipseLogger - Using 'UTF-8' encoding to copy filtered resources.
2019-09-27 14:48:47,043 [Worker-4] INFO  o.e.m.c.i.embedder.EclipseLogger - skip non existing resourceDirectory C:\fullstackjava\microservices\AdvanceHibernate\src\main\resources
2019-09-27 14:48:47,054 [Worker-4] INFO  o.e.m.c.i.embedder.EclipseLogger - Using 'UTF-8' encoding to copy filtered resources.
2019-09-27 14:48:47,054 [Worker-4] INFO  o.e.m.c.i.embedder.EclipseLogger - skip non existing resourceDirectory C:\fullstackjava\microservices\AdvanceHibernate\src\test\resources
2019-09-27 14:48:49,569 [Worker-19] INFO  o.e.m.c.i.embedder.EclipseLogger - Using 'UTF-8' encoding to copy filtered resources.
2019-09-27 14:48:49,569 [Worker-19] INFO  o.e.m.c.i.embedder.EclipseLogger - skip non existing resourceDirectory C:\fullstackjava\microservices\AdvanceHibernate\src\main\resources
2019-09-27 14:48:49,578 [Worker-19] INFO  o.e.m.c.i.embedder.EclipseLogger - Using 'UTF-8' encoding to copy filtered resources.
2019-09-27 14:48:49,586 [Worker-19] INFO  o.e.m.c.i.embedder.EclipseLogger - skip non existing resourceDirectory C:\fullstackjava\microservices\AdvanceHibernate\src\test\resources
2019-09-27 14:49:34,841 [Worker-17] INFO  o.e.m.c.i.l.LifecycleMappingFactory - Using org.eclipse.m2e.jdt.JarLifecycleMapping lifecycle mapping for MavenProject: com.rishab:AdvanceHibernate:0.0.1-SNAPSHOT @ C:\fullstackjava\microservices\AdvanceHibernate\pom.xml.
2019-09-27 14:49:36,582 [Worker-17] INFO  o.e.m.c.i.e.AbstractTransferListenerAdapter - Downloading https://repo.maven.apache.org/maven2/org/hibernate/hibernate-validator/6.1.0.Alpha6/hibernate-validator-6.1.0.Alpha6.pom
2019-09-27 14:49:36,749 [Worker-17] INFO  o.e.m.c.i.e.AbstractTransferListenerAdapter - Downloaded https://repo.maven.apache.org/maven2/org/hibernate/hibernate-validator/6.1.0.Alpha6/hibernate-validator-6.1.0.Alpha6.pom
2019-09-27 14:49:36,924 [Worker-17] INFO  o.e.m.c.i.e.AbstractTransferListenerAdapter - Downloading https://repo.maven.apache.org/maven2/org/hibernate/validator/hibernate-validator-relocation/6.1.0.Alpha6/hibernate-validator-relocation-6.1.0.Alpha6.pom
2019-09-27 14:49:37,120 [Worker-17] INFO  o.e.m.c.i.e.AbstractTransferListenerAdapter - Downloaded https://repo.maven.apache.org/maven2/org/hibernate/validator/hibernate-validator-relocation/6.1.0.Alpha6/hibernate-validator-relocation-6.1.0.Alpha6.pom
2019-09-27 14:49:37,347 [Worker-17] INFO  o.e.m.c.i.e.AbstractTransferListenerAdapter - Downloading https://repo.maven.apache.org/maven2/org/hibernate/validator/hibernate-validator-parent/6.1.0.Alpha6/hibernate-validator-parent-6.1.0.Alpha6.pom
2019-09-27 14:49:37,932 [Worker-17] INFO  o.e.m.c.i.e.AbstractTransferListenerAdapter - Downloaded https://repo.maven.apache.org/maven2/org/hibernate/validator/hibernate-validator-parent/6.1.0.Alpha6/hibernate-validator-parent-6.1.0.Alpha6.pom
2019-09-27 14:49:38,268 [Worker-17] INFO  o.e.m.c.i.e.AbstractTransferListenerAdapter - Downloading https://repo.maven.apache.org/maven2/org/hibernate/validator/hibernate-validator/6.1.0.Alpha6/hibernate-validator-6.1.0.Alpha6.pom
2019-09-27 14:49:38,479 [Worker-17] INFO  o.e.m.c.i.e.AbstractTransferListenerAdapter - Downloaded https://repo.maven.apache.org/maven2/org/hibernate/validator/hibernate-validator/6.1.0.Alpha6/hibernate-validator-6.1.0.Alpha6.pom
2019-09-27 14:49:38,882 [Worker-17] WARN  o.e.m.c.i.embedder.EclipseLogger - The artifact org.hibernate:hibernate-validator:jar:6.1.0.Alpha6 has been relocated to org.hibernate.validator:hibernate-validator:jar:6.1.0.Alpha6
2019-09-27 14:49:39,116 [Worker-17] INFO  o.e.m.c.i.e.AbstractTransferListenerAdapter - Downloading https://repo.maven.apache.org/maven2/org/hibernate/validator/hibernate-validator/6.1.0.Alpha6/hibernate-validator-6.1.0.Alpha6.jar
2019-09-27 14:49:42,296 [Worker-17] INFO  o.e.m.c.i.e.AbstractTransferListenerAdapter - Downloaded https://repo.maven.apache.org/maven2/org/hibernate/validator/hibernate-validator/6.1.0.Alpha6/hibernate-validator-6.1.0.Alpha6.jar
2019-09-27 14:49:43,277 [Worker-17] INFO  o.e.m.c.i.embedder.EclipseLogger - Using 'UTF-8' encoding to copy filtered resources.
2019-09-27 14:49:43,282 [Worker-17] INFO  o.e.m.c.i.embedder.EclipseLogger - skip non existing resourceDirectory C:\fullstackjava\microservices\AdvanceHibernate\src\main\resources
2019-09-27 14:49:43,289 [Worker-17] INFO  o.e.m.c.i.embedder.EclipseLogger - Using 'UTF-8' encoding to copy filtered resources.
2019-09-27 14:49:43,289 [Worker-17] INFO  o.e.m.c.i.embedder.EclipseLogger - skip non existing resourceDirectory C:\fullstackjava\microservices\AdvanceHibernate\src\test\resources
2019-09-27 14:49:44,171 [Worker-18] WARN  o.e.m.c.i.embedder.EclipseLogger - The artifact org.hibernate:hibernate-validator:jar:6.1.0.Alpha6 has been relocated to org.hibernate.validator:hibernate-validator:jar:6.1.0.Alpha6
2019-09-27 14:49:45,543 [Worker-4] INFO  o.e.m.c.i.l.LifecycleMappingFactory - Using org.eclipse.m2e.jdt.JarLifecycleMapping lifecycle mapping for MavenProject: com.rishab:AdvanceHibernate:0.0.1-SNAPSHOT @ C:\fullstackjava\microservices\AdvanceHibernate\pom.xml.
2019-09-27 14:49:45,654 [Worker-4] WARN  o.e.m.c.i.embedder.EclipseLogger - The artifact org.hibernate:hibernate-validator:jar:6.1.0.Alpha6 has been relocated to org.hibernate.validator:hibernate-validator:jar:6.1.0.Alpha6
2019-09-27 14:49:46,189 [Worker-4] INFO  o.e.m.c.i.embedder.EclipseLogger - Using 'UTF-8' encoding to copy filtered resources.
2019-09-27 14:49:46,194 [Worker-4] INFO  o.e.m.c.i.embedder.EclipseLogger - skip non existing resourceDirectory C:\fullstackjava\microservices\AdvanceHibernate\src\main\resources
2019-09-27 14:49:46,201 [Worker-4] INFO  o.e.m.c.i.embedder.EclipseLogger - Using 'UTF-8' encoding to copy filtered resources.
2019-09-27 14:49:46,206 [Worker-4] INFO  o.e.m.c.i.embedder.EclipseLogger - skip non existing resourceDirectory C:\fullstackjava\microservices\AdvanceHibernate\src\test\resources
2019-09-27 14:50:20,509 [Worker-18] WARN  o.e.m.c.i.embedder.EclipseLogger - The artifact org.hibernate:hibernate-validator:jar:6.1.0.Alpha6 has been relocated to org.hibernate.validator:hibernate-validator:jar:6.1.0.Alpha6
2019-09-27 14:50:20,572 [Worker-18] INFO  o.e.m.c.i.embedder.EclipseLogger - Using 'UTF-8' encoding to copy filtered resources.
2019-09-27 14:50:20,572 [Worker-18] INFO  o.e.m.c.i.embedder.EclipseLogger - skip non existing resourceDirectory C:\fullstackjava\microservices\AdvanceHibernate\src\main\resources
2019-09-27 14:50:20,595 [Worker-18] INFO  o.e.m.c.i.embedder.EclipseLogger - Using 'UTF-8' encoding to copy filtered resources.
2019-09-27 14:50:20,605 [Worker-18] INFO  o.e.m.c.i.embedder.EclipseLogger - skip non existing resourceDirectory C:\fullstackjava\microservices\AdvanceHibernate\src\test\resources
2019-09-27 14:52:18,253 [Worker-20] INFO  o.e.m.c.i.l.LifecycleMappingFactory - Using org.eclipse.m2e.jdt.JarLifecycleMapping lifecycle mapping for MavenProject: com.rishab:AdvanceHibernate:0.0.1-SNAPSHOT @ C:\fullstackjava\microservices\AdvanceHibernate\pom.xml.
2019-09-27 14:52:18,519 [Worker-20] INFO  o.e.m.c.i.e.AbstractTransferListenerAdapter - Downloaded https://repo.maven.apache.org/maven2/org/hibernate/hibernate-validator/5.4.1.FINAL/hibernate-validator-5.4.1.FINAL.pom
2019-09-27 14:52:18,533 [Worker-20] WARN  o.e.m.c.i.embedder.EclipseLogger - The POM for org.hibernate:hibernate-validator:jar:5.4.1.FINAL is missing, no dependency information available
2019-09-27 14:52:30,187 [Worker-20] INFO  o.e.m.c.i.e.AbstractTransferListenerAdapter - Downloaded https://repo.maven.apache.org/maven2/org/hibernate/hibernate-validator/5.4.1.FINAL/hibernate-validator-5.4.1.FINAL.jar
2019-09-27 14:52:30,473 [Worker-20] INFO  o.e.m.c.i.embedder.EclipseLogger - Using 'UTF-8' encoding to copy filtered resources.
2019-09-27 14:52:30,481 [Worker-20] INFO  o.e.m.c.i.embedder.EclipseLogger - skip non existing resourceDirectory C:\fullstackjava\microservices\AdvanceHibernate\src\main\resources
2019-09-27 14:52:30,492 [Worker-20] INFO  o.e.m.c.i.embedder.EclipseLogger - Using 'UTF-8' encoding to copy filtered resources.
2019-09-27 14:52:30,492 [Worker-20] INFO  o.e.m.c.i.embedder.EclipseLogger - skip non existing resourceDirectory C:\fullstackjava\microservices\AdvanceHibernate\src\test\resources
2019-09-27 14:52:35,610 [Worker-18] WARN  o.e.m.c.i.embedder.EclipseLogger - The POM for org.hibernate:hibernate-validator:jar:5.4.1.FINAL is missing, no dependency information available
2019-09-27 14:52:35,640 [Worker-18] INFO  o.e.m.c.i.e.AbstractTransferListenerAdapter - Downloaded https://repo.maven.apache.org/maven2/org/hibernate/hibernate-core/5.2.11.Final/hibernate-core-5.2.11.Final.pom
2019-09-27 14:52:36,326 [Worker-14] INFO  o.e.m.c.i.l.LifecycleMappingFactory - Using org.eclipse.m2e.jdt.JarLifecycleMapping lifecycle mapping for MavenProject: com.rishab:AdvanceHibernate:0.0.1-SNAPSHOT @ C:\fullstackjava\microservices\AdvanceHibernate\pom.xml.
2019-09-27 14:52:36,337 [Worker-14] WARN  o.e.m.c.i.embedder.EclipseLogger - The POM for org.hibernate:hibernate-validator:jar:5.4.1.FINAL is missing, no dependency information available
2019-09-27 14:52:36,968 [Worker-14] INFO  o.e.m.c.i.embedder.EclipseLogger - Using 'UTF-8' encoding to copy filtered resources.
2019-09-27 14:52:36,968 [Worker-14] INFO  o.e.m.c.i.embedder.EclipseLogger - skip non existing resourceDirectory C:\fullstackjava\microservices\AdvanceHibernate\src\main\resources
2019-09-27 14:52:36,975 [Worker-14] INFO  o.e.m.c.i.embedder.EclipseLogger - Using 'UTF-8' encoding to copy filtered resources.
2019-09-27 14:52:36,975 [Worker-14] INFO  o.e.m.c.i.embedder.EclipseLogger - skip non existing resourceDirectory C:\fullstackjava\microservices\AdvanceHibernate\src\test\resources
2019-09-27 14:52:47,449 [Worker-22] WARN  o.e.m.c.i.embedder.EclipseLogger - The POM for org.hibernate:hibernate-validator:jar:5.4.1.FINAL is missing, no dependency information available
2019-09-27 14:52:48,120 [Worker-24] INFO  o.e.m.c.i.l.LifecycleMappingFactory - Using org.eclipse.m2e.jdt.JarLifecycleMapping lifecycle mapping for MavenProject: com.rishab:AdvanceHibernate:0.0.1-SNAPSHOT @ C:\fullstackjava\microservices\AdvanceHibernate\pom.xml.
2019-09-27 14:52:48,134 [Worker-24] WARN  o.e.m.c.i.embedder.EclipseLogger - The POM for org.hibernate:hibernate-validator:jar:5.4.1.FINAL is missing, no dependency information available
2019-09-27 14:52:48,431 [Worker-24] INFO  o.e.m.c.i.embedder.EclipseLogger - Using 'UTF-8' encoding to copy filtered resources.
2019-09-27 14:52:48,440 [Worker-24] INFO  o.e.m.c.i.embedder.EclipseLogger - skip non existing resourceDirectory C:\fullstackjava\microservices\AdvanceHibernate\src\main\resources
2019-09-27 14:52:48,442 [Worker-24] INFO  o.e.m.c.i.embedder.EclipseLogger - Using 'UTF-8' encoding to copy filtered resources.
2019-09-27 14:52:48,460 [Worker-24] INFO  o.e.m.c.i.embedder.EclipseLogger - skip non existing resourceDirectory C:\fullstackjava\microservices\AdvanceHibernate\src\test\resources
2019-09-27 14:53:00,568 [Worker-14] WARN  o.e.m.c.i.embedder.EclipseLogger - The artifact org.hibernate:hibernate-validator:jar:6.1.0.Alpha6 has been relocated to org.hibernate.validator:hibernate-validator:jar:6.1.0.Alpha6
2019-09-27 14:53:01,108 [Worker-17] INFO  o.e.m.c.i.l.LifecycleMappingFactory - Using org.eclipse.m2e.jdt.JarLifecycleMapping lifecycle mapping for MavenProject: com.rishab:AdvanceHibernate:0.0.1-SNAPSHOT @ C:\fullstackjava\microservices\AdvanceHibernate\pom.xml.
2019-09-27 14:53:01,197 [Worker-17] WARN  o.e.m.c.i.embedder.EclipseLogger - The artifact org.hibernate:hibernate-validator:jar:6.1.0.Alpha6 has been relocated to org.hibernate.validator:hibernate-validator:jar:6.1.0.Alpha6
2019-09-27 14:53:01,406 [Worker-17] INFO  o.e.m.c.i.embedder.EclipseLogger - Using 'UTF-8' encoding to copy filtered resources.
2019-09-27 14:53:01,411 [Worker-17] INFO  o.e.m.c.i.embedder.EclipseLogger - skip non existing resourceDirectory C:\fullstackjava\microservices\AdvanceHibernate\src\main\resources
2019-09-27 14:53:01,417 [Worker-17] INFO  o.e.m.c.i.embedder.EclipseLogger - Using 'UTF-8' encoding to copy filtered resources.
2019-09-27 14:53:01,418 [Worker-17] INFO  o.e.m.c.i.embedder.EclipseLogger - skip non existing resourceDirectory C:\fullstackjava\microservices\AdvanceHibernate\src\test\resources
2019-09-27 14:53:02,974 [Worker-23] WARN  o.e.m.c.i.embedder.EclipseLogger - The artifact org.hibernate:hibernate-validator:jar:6.1.0.Alpha6 has been relocated to org.hibernate.validator:hibernate-validator:jar:6.1.0.Alpha6
2019-09-27 14:53:03,013 [Worker-23] INFO  o.e.m.c.i.embedder.EclipseLogger - Using 'UTF-8' encoding to copy filtered resources.
2019-09-27 14:53:03,013 [Worker-23] INFO  o.e.m.c.i.embedder.EclipseLogger - skip non existing resourceDirectory C:\fullstackjava\microservices\AdvanceHibernate\src\main\resources
2019-09-27 14:53:03,014 [Worker-23] INFO  o.e.m.c.i.embedder.EclipseLogger - Using 'UTF-8' encoding to copy filtered resources.
2019-09-27 14:53:03,020 [Worker-23] INFO  o.e.m.c.i.embedder.EclipseLogger - skip non existing resourceDirectory C:\fullstackjava\microservices\AdvanceHibernate\src\test\resources
2019-09-27 14:53:14,845 [Worker-17] INFO  o.e.m.c.i.p.ProjectConfigurationManager - Update started
2019-09-27 14:53:15,450 [Worker-17] INFO  o.e.m.c.i.l.LifecycleMappingFactory - Using org.eclipse.m2e.jdt.JarLifecycleMapping lifecycle mapping for MavenProject: com.rishab:AdvanceHibernate:0.0.1-SNAPSHOT @ C:\fullstackjava\microservices\AdvanceHibernate\pom.xml.
2019-09-27 14:53:15,535 [Worker-17] WARN  o.e.m.c.i.embedder.EclipseLogger - The artifact org.hibernate:hibernate-validator:jar:6.1.0.Alpha6 has been relocated to org.hibernate.validator:hibernate-validator:jar:6.1.0.Alpha6
2019-09-27 14:53:15,812 [Worker-17] INFO  o.e.m.j.i.AbstractJavaProjectConfigurator - Adding source folder /AdvanceHibernate/src/main/java
2019-09-27 14:53:15,813 [Worker-17] INFO  o.e.m.j.i.AbstractJavaProjectConfigurator - Adding source folder /AdvanceHibernate/src/test/java
2019-09-27 14:53:15,997 [Worker-17] INFO  o.e.m.c.i.p.ProjectConfigurationManager - Update completed: 1 sec
2019-09-27 14:53:16,296 [Worker-22] WARN  o.e.m.c.i.embedder.EclipseLogger - The artifact org.hibernate:hibernate-validator:jar:6.1.0.Alpha6 has been relocated to org.hibernate.validator:hibernate-validator:jar:6.1.0.Alpha6
2019-09-27 14:53:16,714 [Worker-22] INFO  o.e.m.c.i.embedder.EclipseLogger - Using 'UTF-8' encoding to copy filtered resources.
2019-09-27 14:53:16,715 [Worker-22] INFO  o.e.m.c.i.embedder.EclipseLogger - skip non existing resourceDirectory C:\fullstackjava\microservices\AdvanceHibernate\src\main\resources
2019-09-27 14:53:16,725 [Worker-22] INFO  o.e.m.c.i.embedder.EclipseLogger - Using 'UTF-8' encoding to copy filtered resources.
2019-09-27 14:53:16,726 [Worker-22] INFO  o.e.m.c.i.embedder.EclipseLogger - skip non existing resourceDirectory C:\fullstackjava\microservices\AdvanceHibernate\src\test\resources
2019-09-27 14:53:27,599 [Worker-14] INFO  o.e.m.c.i.l.LifecycleMappingFactory - Using org.maven.ide.eclipse.wtp.WarLifecycleMapping lifecycle mapping for MavenProject: com.rishab:AdvanceHibernate:0.0.1-SNAPSHOT @ C:\fullstackjava\microservices\AdvanceHibernate\pom.xml.
2019-09-27 14:53:27,679 [Worker-14] WARN  o.e.m.c.i.embedder.EclipseLogger - The artifact org.hibernate:hibernate-validator:jar:6.1.0.Alpha6 has been relocated to org.hibernate.validator:hibernate-validator:jar:6.1.0.Alpha6
2019-09-27 14:53:30,201 [Worker-14] INFO  o.e.m.c.i.embedder.EclipseLogger - Using 'UTF-8' encoding to copy filtered resources.
2019-09-27 14:53:30,202 [Worker-14] INFO  o.e.m.c.i.embedder.EclipseLogger - skip non existing resourceDirectory C:\fullstackjava\microservices\AdvanceHibernate\src\main\resources
2019-09-27 14:53:30,211 [Worker-14] INFO  o.e.m.c.i.embedder.EclipseLogger - Using 'UTF-8' encoding to copy filtered resources.
2019-09-27 14:53:30,217 [Worker-14] INFO  o.e.m.c.i.embedder.EclipseLogger - skip non existing resourceDirectory C:\fullstackjava\microservices\AdvanceHibernate\src\test\resources
2019-09-27 14:53:30,245 [Worker-14] INFO  o.e.m.w.i.f.ResourceFilteringBuildParticipant - Changed resources require a complete clean of filtered resources of AdvanceHibernate
2019-09-27 14:53:30,246 [Worker-14] INFO  o.e.m.w.i.f.ResourceFilteringBuildParticipant - Executing resource filtering for AdvanceHibernate
2019-09-27 14:53:30,318 [Worker-14] INFO  o.e.m.c.i.embedder.EclipseLogger - Using 'UTF-8' encoding to copy filtered resources.
2019-09-27 14:53:32,338 [Worker-20] INFO  o.e.m.c.i.p.ProjectConfigurationManager - Update started
2019-09-27 14:53:32,880 [Worker-20] INFO  o.e.m.c.i.l.LifecycleMappingFactory - Using org.maven.ide.eclipse.wtp.WarLifecycleMapping lifecycle mapping for MavenProject: com.rishab:AdvanceHibernate:0.0.1-SNAPSHOT @ C:\fullstackjava\microservices\AdvanceHibernate\pom.xml.
2019-09-27 14:53:32,968 [Worker-20] WARN  o.e.m.c.i.embedder.EclipseLogger - The artifact org.hibernate:hibernate-validator:jar:6.1.0.Alpha6 has been relocated to org.hibernate.validator:hibernate-validator:jar:6.1.0.Alpha6
2019-09-27 14:53:33,701 [Worker-20] INFO  o.e.m.j.i.AbstractJavaProjectConfigurator - Adding source folder /AdvanceHibernate/src/main/java
2019-09-27 14:53:33,702 [Worker-20] INFO  o.e.m.j.i.AbstractJavaProjectConfigurator - Adding source folder /AdvanceHibernate/src/test/java
2019-09-27 14:53:40,196 [Worker-20] WARN  o.e.m.c.i.embedder.EclipseLogger - The artifact org.hibernate:hibernate-validator:jar:6.1.0.Alpha6 has been relocated to org.hibernate.validator:hibernate-validator:jar:6.1.0.Alpha6
2019-09-27 14:53:40,364 [Worker-20] INFO  o.e.m.w.i.f.ResourceFilteringBuildParticipant - Cleaning filtered folder for AdvanceHibernate
2019-09-27 14:53:42,326 [Worker-20] INFO  o.e.m.c.i.p.ProjectConfigurationManager - Update completed: 9 sec
2019-09-27 14:53:44,486 [Worker-23] WARN  o.e.m.c.i.embedder.EclipseLogger - The artifact org.hibernate:hibernate-validator:jar:6.1.0.Alpha6 has been relocated to org.hibernate.validator:hibernate-validator:jar:6.1.0.Alpha6
2019-09-27 14:53:44,600 [Worker-23] INFO  o.e.m.c.i.embedder.EclipseLogger - Using 'UTF-8' encoding to copy filtered resources.
2019-09-27 14:53:44,625 [Worker-23] INFO  o.e.m.c.i.embedder.EclipseLogger - skip non existing resourceDirectory C:\fullstackjava\microservices\AdvanceHibernate\src\main\resources
2019-09-27 14:53:44,642 [Worker-23] INFO  o.e.m.c.i.embedder.EclipseLogger - Using 'UTF-8' encoding to copy filtered resources.
2019-09-27 14:53:44,643 [Worker-23] INFO  o.e.m.c.i.embedder.EclipseLogger - skip non existing resourceDirectory C:\fullstackjava\microservices\AdvanceHibernate\src\test\resources
2019-09-27 14:53:44,658 [Worker-23] INFO  o.e.m.w.i.f.ResourceFilteringBuildParticipant - Changed resources require a complete clean of filtered resources of AdvanceHibernate
2019-09-27 14:53:44,658 [Worker-23] INFO  o.e.m.w.i.f.ResourceFilteringBuildParticipant - Executing resource filtering for AdvanceHibernate
2019-09-27 14:53:44,686 [Worker-23] INFO  o.e.m.c.i.embedder.EclipseLogger - Using 'UTF-8' encoding to copy filtered resources.
2019-09-27 14:55:14,575 [Worker-14] INFO  o.e.m.c.i.l.LifecycleMappingFactory - Using org.eclipse.m2e.jdt.JarLifecycleMapping lifecycle mapping for MavenProject: com.rishab:AdvanceHibernate:0.0.1-SNAPSHOT @ C:\fullstackjava\microservices\AdvanceHibernate\pom.xml.
2019-09-27 14:55:14,704 [Worker-14] WARN  o.e.m.c.i.embedder.EclipseLogger - The artifact org.hibernate:hibernate-validator:jar:6.1.0.Alpha6 has been relocated to org.hibernate.validator:hibernate-validator:jar:6.1.0.Alpha6
2019-09-27 14:55:15,521 [Worker-14] INFO  o.e.m.c.i.embedder.EclipseLogger - Using 'UTF-8' encoding to copy filtered resources.
2019-09-27 14:55:15,522 [Worker-14] INFO  o.e.m.c.i.embedder.EclipseLogger - skip non existing resourceDirectory C:\fullstackjava\microservices\AdvanceHibernate\src\main\resources
2019-09-27 14:55:15,524 [Worker-14] INFO  o.e.m.c.i.embedder.EclipseLogger - Using 'UTF-8' encoding to copy filtered resources.
2019-09-27 14:55:15,524 [Worker-14] INFO  o.e.m.c.i.embedder.EclipseLogger - skip non existing resourceDirectory C:\fullstackjava\microservices\AdvanceHibernate\src\test\resources
2019-09-27 14:55:45,938 [Worker-14] WARN  o.e.m.c.i.embedder.EclipseLogger - The artifact org.hibernate:hibernate-validator:jar:6.1.0.Alpha6 has been relocated to org.hibernate.validator:hibernate-validator:jar:6.1.0.Alpha6
2019-09-27 14:55:46,669 [Worker-26] INFO  o.e.m.c.i.l.LifecycleMappingFactory - Using org.eclipse.m2e.jdt.JarLifecycleMapping lifecycle mapping for MavenProject: com.rishab:AdvanceHibernate:0.0.1-SNAPSHOT @ C:\fullstackjava\microservices\AdvanceHibernate\pom.xml.
2019-09-27 14:55:46,751 [Worker-26] WARN  o.e.m.c.i.embedder.EclipseLogger - The artifact org.hibernate:hibernate-validator:jar:6.1.0.Alpha6 has been relocated to org.hibernate.validator:hibernate-validator:jar:6.1.0.Alpha6
2019-09-27 14:55:47,058 [Worker-26] INFO  o.e.m.c.i.embedder.EclipseLogger - Using 'UTF-8' encoding to copy filtered resources.
2019-09-27 14:55:47,063 [Worker-26] INFO  o.e.m.c.i.embedder.EclipseLogger - skip non existing resourceDirectory C:\fullstackjava\microservices\AdvanceHibernate\src\main\resources
2019-09-27 14:55:47,070 [Worker-26] INFO  o.e.m.c.i.embedder.EclipseLogger - Using 'UTF-8' encoding to copy filtered resources.
2019-09-27 14:55:47,070 [Worker-26] INFO  o.e.m.c.i.embedder.EclipseLogger - skip non existing resourceDirectory C:\fullstackjava\microservices\AdvanceHibernate\src\test\resources
2019-09-27 14:55:51,839 [Worker-5] INFO  o.e.m.c.i.p.ProjectConfigurationManager - Update started
2019-09-27 14:55:52,432 [Worker-5] INFO  o.e.m.c.i.l.LifecycleMappingFactory - Using org.eclipse.m2e.jdt.JarLifecycleMapping lifecycle mapping for MavenProject: com.rishab:AdvanceHibernate:0.0.1-SNAPSHOT @ C:\fullstackjava\microservices\AdvanceHibernate\pom.xml.
2019-09-27 14:55:52,557 [Worker-5] WARN  o.e.m.c.i.embedder.EclipseLogger - The artifact org.hibernate:hibernate-validator:jar:6.1.0.Alpha6 has been relocated to org.hibernate.validator:hibernate-validator:jar:6.1.0.Alpha6
2019-09-27 14:55:52,762 [Worker-5] INFO  o.e.m.j.i.AbstractJavaProjectConfigurator - Adding source folder /AdvanceHibernate/src/main/java
2019-09-27 14:55:52,767 [Worker-5] INFO  o.e.m.j.i.AbstractJavaProjectConfigurator - Adding source folder /AdvanceHibernate/src/test/java
2019-09-27 14:55:52,969 [Worker-5] INFO  o.e.m.c.i.p.ProjectConfigurationManager - Update completed: 1 sec
2019-09-27 14:55:53,298 [Worker-23] WARN  o.e.m.c.i.embedder.EclipseLogger - The artifact org.hibernate:hibernate-validator:jar:6.1.0.Alpha6 has been relocated to org.hibernate.validator:hibernate-validator:jar:6.1.0.Alpha6
2019-09-27 14:55:53,349 [Worker-23] INFO  o.e.m.c.i.embedder.EclipseLogger - Using 'UTF-8' encoding to copy filtered resources.
2019-09-27 14:55:53,356 [Worker-23] INFO  o.e.m.c.i.embedder.EclipseLogger - skip non existing resourceDirectory C:\fullstackjava\microservices\AdvanceHibernate\src\main\resources
2019-09-27 14:55:53,364 [Worker-23] INFO  o.e.m.c.i.embedder.EclipseLogger - Using 'UTF-8' encoding to copy filtered resources.
2019-09-27 14:55:53,371 [Worker-23] INFO  o.e.m.c.i.embedder.EclipseLogger - skip non existing resourceDirectory C:\fullstackjava\microservices\AdvanceHibernate\src\test\resources
2019-09-27 14:56:30,336 [Worker-24] INFO  o.e.m.c.i.l.LifecycleMappingFactory - Using org.eclipse.m2e.jdt.JarLifecycleMapping lifecycle mapping for MavenProject: com.rishab:AdvanceHibernateMode2:0.0.1-SNAPSHOT @ C:\fullstackjava\microservices\AdvanceHibernateMode2\pom.xml.
2019-09-27 14:56:30,495 [Worker-24] INFO  o.e.m.j.i.AbstractJavaProjectConfigurator - Adding source folder /AdvanceHibernateMode2/src/main/java
2019-09-27 14:56:30,496 [Worker-24] INFO  o.e.m.j.i.AbstractJavaProjectConfigurator - Adding resource folder /AdvanceHibernateMode2/src/main/resources
2019-09-27 14:56:30,501 [Worker-24] INFO  o.e.m.j.i.AbstractJavaProjectConfigurator - Adding source folder /AdvanceHibernateMode2/src/test/java
2019-09-27 14:56:30,506 [Worker-24] INFO  o.e.m.j.i.AbstractJavaProjectConfigurator - Adding resource folder /AdvanceHibernateMode2/src/test/resources
2019-09-27 14:56:30,923 [Worker-24] WARN  o.e.m.c.i.embedder.EclipseLogger - Using platform encoding (Cp1252 actually) to copy filtered resources, i.e. build is platform dependent!
2019-09-27 14:56:31,017 [Worker-24] INFO  o.e.m.c.i.embedder.EclipseLogger - Copying 0 resource
2019-09-27 14:56:31,025 [Worker-24] WARN  o.e.m.c.i.embedder.EclipseLogger - Using platform encoding (Cp1252 actually) to copy filtered resources, i.e. build is platform dependent!
2019-09-27 14:56:31,032 [Worker-24] INFO  o.e.m.c.i.embedder.EclipseLogger - Copying 0 resource
2019-09-27 14:57:02,701 [Worker-23] INFO  o.e.m.c.i.l.LifecycleMappingFactory - Using org.eclipse.m2e.jdt.JarLifecycleMapping lifecycle mapping for MavenProject: com.rishab:AdvanceHibernateMode2:0.0.1-SNAPSHOT @ C:\fullstackjava\microservices\AdvanceHibernateMode2\pom.xml.
2019-09-27 14:57:02,807 [Worker-23] WARN  o.e.m.c.i.embedder.EclipseLogger - The artifact org.hibernate:hibernate-validator:jar:6.1.0.Alpha6 has been relocated to org.hibernate.validator:hibernate-validator:jar:6.1.0.Alpha6
2019-09-27 14:57:03,238 [Worker-23] INFO  o.e.m.c.i.embedder.EclipseLogger - Using 'UTF-8' encoding to copy filtered resources.
2019-09-27 14:57:03,261 [Worker-23] INFO  o.e.m.c.i.embedder.EclipseLogger - Copying 0 resource
2019-09-27 14:57:03,268 [Worker-23] INFO  o.e.m.c.i.embedder.EclipseLogger - Using 'UTF-8' encoding to copy filtered resources.
2019-09-27 14:57:03,269 [Worker-23] INFO  o.e.m.c.i.embedder.EclipseLogger - Copying 0 resource
2019-09-27 14:57:04,581 [Worker-25] WARN  o.e.m.c.i.embedder.EclipseLogger - The artifact org.hibernate:hibernate-validator:jar:6.1.0.Alpha6 has been relocated to org.hibernate.validator:hibernate-validator:jar:6.1.0.Alpha6
2019-09-27 14:57:04,653 [Worker-25] INFO  o.e.m.c.i.embedder.EclipseLogger - Using 'UTF-8' encoding to copy filtered resources.
2019-09-27 14:57:04,668 [Worker-25] INFO  o.e.m.c.i.embedder.EclipseLogger - Copying 0 resource
2019-09-27 14:57:04,669 [Worker-25] INFO  o.e.m.c.i.embedder.EclipseLogger - Using 'UTF-8' encoding to copy filtered resources.
2019-09-27 14:57:04,675 [Worker-25] INFO  o.e.m.c.i.embedder.EclipseLogger - Copying 0 resource
2019-09-27 14:57:06,779 [Worker-23] INFO  o.e.m.c.i.l.LifecycleMappingFactory - Using org.eclipse.m2e.jdt.JarLifecycleMapping lifecycle mapping for MavenProject: com.rishab:AdvanceHibernateMode2:0.0.1-SNAPSHOT @ C:\fullstackjava\microservices\AdvanceHibernateMode2\pom.xml.
2019-09-27 14:57:06,880 [Worker-23] WARN  o.e.m.c.i.embedder.EclipseLogger - The artifact org.hibernate:hibernate-validator:jar:6.1.0.Alpha6 has been relocated to org.hibernate.validator:hibernate-validator:jar:6.1.0.Alpha6
2019-09-27 14:57:07,076 [Worker-23] INFO  o.e.m.c.i.embedder.EclipseLogger - Using 'UTF-8' encoding to copy filtered resources.
2019-09-27 14:57:07,082 [Worker-23] INFO  o.e.m.c.i.embedder.EclipseLogger - Copying 0 resource
2019-09-27 14:57:07,088 [Worker-23] INFO  o.e.m.c.i.embedder.EclipseLogger - Using 'UTF-8' encoding to copy filtered resources.
2019-09-27 14:57:07,093 [Worker-23] INFO  o.e.m.c.i.embedder.EclipseLogger - Copying 0 resource
2019-09-27 14:57:42,162 [Worker-14] WARN  o.e.m.c.i.embedder.EclipseLogger - The artifact org.hibernate:hibernate-validator:jar:6.1.0.Alpha6 has been relocated to org.hibernate.validator:hibernate-validator:jar:6.1.0.Alpha6
2019-09-27 14:57:42,246 [Worker-14] INFO  o.e.m.c.i.embedder.EclipseLogger - Using 'UTF-8' encoding to copy filtered resources.
2019-09-27 14:57:42,261 [Worker-14] INFO  o.e.m.c.i.embedder.EclipseLogger - Copying 0 resource
2019-09-27 14:57:42,268 [Worker-14] INFO  o.e.m.c.i.embedder.EclipseLogger - Using 'UTF-8' encoding to copy filtered resources.
2019-09-27 14:57:42,269 [Worker-14] INFO  o.e.m.c.i.embedder.EclipseLogger - Copying 0 resource
2019-09-27 14:58:13,299 [Worker-22] INFO  o.e.m.c.i.embedder.EclipseLogger - Using 'UTF-8' encoding to copy filtered resources.
2019-09-27 14:58:13,299 [Worker-22] INFO  o.e.m.c.i.embedder.EclipseLogger - Copying 0 resource
2019-09-27 14:58:13,301 [Worker-22] INFO  o.e.m.c.i.embedder.EclipseLogger - Using 'UTF-8' encoding to copy filtered resources.
2019-09-27 14:58:13,301 [Worker-22] INFO  o.e.m.c.i.embedder.EclipseLogger - Copying 0 resource
2019-09-27 14:58:16,300 [Worker-4] INFO  o.e.m.c.i.embedder.EclipseLogger - Using 'UTF-8' encoding to copy filtered resources.
2019-09-27 14:58:16,301 [Worker-4] INFO  o.e.m.c.i.embedder.EclipseLogger - Copying 0 resource
2019-09-27 14:58:16,303 [Worker-4] INFO  o.e.m.c.i.embedder.EclipseLogger - Using 'UTF-8' encoding to copy filtered resources.
2019-09-27 14:58:16,303 [Worker-4] INFO  o.e.m.c.i.embedder.EclipseLogger - Copying 0 resource
2019-09-27 14:58:20,677 [Worker-25] INFO  o.e.m.c.i.embedder.EclipseLogger - Using 'UTF-8' encoding to copy filtered resources.
2019-09-27 14:58:20,677 [Worker-25] INFO  o.e.m.c.i.embedder.EclipseLogger - Copying 0 resource
2019-09-27 14:58:20,710 [Worker-25] INFO  o.e.m.c.i.embedder.EclipseLogger - Using 'UTF-8' encoding to copy filtered resources.
2019-09-27 14:58:20,727 [Worker-25] INFO  o.e.m.c.i.embedder.EclipseLogger - Copying 0 resource
2019-09-27 15:06:59,275 [Worker-14] INFO  o.e.m.c.i.embedder.EclipseLogger - Using 'UTF-8' encoding to copy filtered resources.
2019-09-27 15:06:59,277 [Worker-14] INFO  o.e.m.c.i.embedder.EclipseLogger - skip non existing resourceDirectory C:\fullstackjava\microservices\AdvanceHibernate\src\main\resources
2019-09-27 15:06:59,278 [Worker-14] INFO  o.e.m.c.i.embedder.EclipseLogger - Using 'UTF-8' encoding to copy filtered resources.
2019-09-27 15:06:59,279 [Worker-14] INFO  o.e.m.c.i.embedder.EclipseLogger - skip non existing resourceDirectory C:\fullstackjava\microservices\AdvanceHibernate\src\test\resources
2019-09-27 15:07:04,847 [Worker-14] INFO  o.e.m.c.i.embedder.EclipseLogger - Using 'UTF-8' encoding to copy filtered resources.
2019-09-27 15:07:04,852 [Worker-14] INFO  o.e.m.c.i.embedder.EclipseLogger - skip non existing resourceDirectory C:\fullstackjava\microservices\AdvanceHibernate\src\main\resources
2019-09-27 15:07:04,859 [Worker-14] INFO  o.e.m.c.i.embedder.EclipseLogger - Using 'UTF-8' encoding to copy filtered resources.
2019-09-27 15:07:04,859 [Worker-14] INFO  o.e.m.c.i.embedder.EclipseLogger - skip non existing resourceDirectory C:\fullstackjava\microservices\AdvanceHibernate\src\test\resources
2019-09-27 15:08:32,497 [Worker-28] INFO  o.e.m.c.i.p.ProjectConfigurationManager - Update started
2019-09-27 15:08:32,619 [Worker-28] INFO  o.e.m.c.i.l.LifecycleMappingFactory - Using org.eclipse.m2e.jdt.JarLifecycleMapping lifecycle mapping for MavenProject: com.rishab:AdvanceHibernateMode2:0.0.1-SNAPSHOT @ C:\fullstackjava\microservices\AdvanceHibernateMode2\pom.xml.
2019-09-27 15:08:32,716 [Worker-28] WARN  o.e.m.c.i.embedder.EclipseLogger - The artifact org.hibernate:hibernate-validator:jar:6.1.0.Alpha6 has been relocated to org.hibernate.validator:hibernate-validator:jar:6.1.0.Alpha6
2019-09-27 15:08:32,884 [Worker-28] INFO  o.e.m.j.i.AbstractJavaProjectConfigurator - Adding source folder /AdvanceHibernateMode2/src/main/java
2019-09-27 15:08:32,891 [Worker-28] INFO  o.e.m.j.i.AbstractJavaProjectConfigurator - Adding resource folder /AdvanceHibernateMode2/src/main/resources
2019-09-27 15:08:32,912 [Worker-28] INFO  o.e.m.j.i.AbstractJavaProjectConfigurator - Adding source folder /AdvanceHibernateMode2/src/test/java
2019-09-27 15:08:32,917 [Worker-28] INFO  o.e.m.j.i.AbstractJavaProjectConfigurator - Adding resource folder /AdvanceHibernateMode2/src/test/resources
2019-09-27 15:08:33,017 [Worker-28] INFO  o.e.m.c.i.p.ProjectConfigurationManager - Update completed: 0 sec
2019-09-27 15:08:33,290 [Worker-17] WARN  o.e.m.c.i.embedder.EclipseLogger - The artifact org.hibernate:hibernate-validator:jar:6.1.0.Alpha6 has been relocated to org.hibernate.validator:hibernate-validator:jar:6.1.0.Alpha6
2019-09-27 15:08:33,328 [Worker-17] INFO  o.e.m.c.i.embedder.EclipseLogger - Using 'UTF-8' encoding to copy filtered resources.
2019-09-27 15:08:33,328 [Worker-17] INFO  o.e.m.c.i.embedder.EclipseLogger - Copying 0 resource
2019-09-27 15:08:33,329 [Worker-17] INFO  o.e.m.c.i.embedder.EclipseLogger - Using 'UTF-8' encoding to copy filtered resources.
2019-09-27 15:08:33,334 [Worker-17] INFO  o.e.m.c.i.embedder.EclipseLogger - Copying 0 resource
2019-09-27 15:09:42,146 [Worker-23] INFO  o.e.m.c.i.embedder.EclipseLogger - Using 'UTF-8' encoding to copy filtered resources.
2019-09-27 15:09:42,168 [Worker-23] INFO  o.e.m.c.i.embedder.EclipseLogger - Copying 1 resource
2019-09-27 15:09:42,187 [Worker-23] INFO  o.e.m.c.i.embedder.EclipseLogger - Using 'UTF-8' encoding to copy filtered resources.
2019-09-27 15:09:42,199 [Worker-23] INFO  o.e.m.c.i.embedder.EclipseLogger - Copying 0 resource
2019-09-27 15:10:54,122 [Worker-28] INFO  o.e.m.c.i.embedder.EclipseLogger - Using 'UTF-8' encoding to copy filtered resources.
2019-09-27 15:10:54,128 [Worker-28] INFO  o.e.m.c.i.embedder.EclipseLogger - skip non existing resourceDirectory C:\fullstackjava\microservices\AdvanceHibernate\src\main\resources
2019-09-27 15:10:54,134 [Worker-28] INFO  o.e.m.c.i.embedder.EclipseLogger - Using 'UTF-8' encoding to copy filtered resources.
2019-09-27 15:10:54,139 [Worker-28] INFO  o.e.m.c.i.embedder.EclipseLogger - skip non existing resourceDirectory C:\fullstackjava\microservices\AdvanceHibernate\src\test\resources
2019-09-27 15:11:58,623 [Worker-24] INFO  o.e.m.c.i.embedder.EclipseLogger - Using 'UTF-8' encoding to copy filtered resources.
2019-09-27 15:11:58,624 [Worker-24] INFO  o.e.m.c.i.embedder.EclipseLogger - skip non existing resourceDirectory C:\fullstackjava\microservices\AdvanceHibernate\src\main\resources
2019-09-27 15:11:58,625 [Worker-24] INFO  o.e.m.c.i.embedder.EclipseLogger - Using 'UTF-8' encoding to copy filtered resources.
2019-09-27 15:11:58,635 [Worker-24] INFO  o.e.m.c.i.embedder.EclipseLogger - skip non existing resourceDirectory C:\fullstackjava\microservices\AdvanceHibernate\src\test\resources
2019-09-27 15:12:09,337 [Worker-29] INFO  o.e.m.c.i.embedder.EclipseLogger - Using 'UTF-8' encoding to copy filtered resources.
2019-09-27 15:12:09,384 [Worker-29] INFO  o.e.m.c.i.embedder.EclipseLogger - Copying 1 resource
2019-09-27 15:12:09,396 [Worker-29] INFO  o.e.m.c.i.embedder.EclipseLogger - Using 'UTF-8' encoding to copy filtered resources.
2019-09-27 15:12:09,404 [Worker-29] INFO  o.e.m.c.i.embedder.EclipseLogger - Copying 0 resource
2019-09-27 15:13:27,835 [Worker-23] INFO  o.e.m.c.i.embedder.EclipseLogger - Using 'UTF-8' encoding to copy filtered resources.
2019-09-27 15:13:27,836 [Worker-23] INFO  o.e.m.c.i.embedder.EclipseLogger - Copying 1 resource
2019-09-27 15:13:27,837 [Worker-23] INFO  o.e.m.c.i.embedder.EclipseLogger - Using 'UTF-8' encoding to copy filtered resources.
2019-09-27 15:13:27,843 [Worker-23] INFO  o.e.m.c.i.embedder.EclipseLogger - Copying 0 resource
2019-09-27 15:13:46,471 [Worker-28] INFO  o.e.m.c.i.embedder.EclipseLogger - Using 'UTF-8' encoding to copy filtered resources.
2019-09-27 15:13:46,478 [Worker-28] INFO  o.e.m.c.i.embedder.EclipseLogger - Copying 1 resource
2019-09-27 15:13:46,485 [Worker-28] INFO  o.e.m.c.i.embedder.EclipseLogger - Using 'UTF-8' encoding to copy filtered resources.
2019-09-27 15:13:46,492 [Worker-28] INFO  o.e.m.c.i.embedder.EclipseLogger - Copying 0 resource
2019-09-27 15:14:21,398 [Worker-24] WARN  o.e.r.models.ModelRepository - Failed to download org.eclipse.recommenders:index::zip:0.0.0
org.eclipse.aether.resolution.ArtifactResolutionException: Could not find artifact org.eclipse.recommenders:index:zip:0.0.0-SNAPSHOT in models (http://download.eclipse.org/recommenders/models/mars/)
	at org.eclipse.aether.internal.impl.DefaultArtifactResolver.resolve(DefaultArtifactResolver.java:444) ~[na:na]
	at org.eclipse.aether.internal.impl.DefaultArtifactResolver.resolveArtifacts(DefaultArtifactResolver.java:246) ~[na:na]
	at org.eclipse.aether.internal.impl.DefaultArtifactResolver.resolveArtifact(DefaultArtifactResolver.java:223) ~[na:na]
	at org.eclipse.aether.internal.impl.DefaultRepositorySystem.resolveArtifact(DefaultRepositorySystem.java:294) ~[na:na]
	at org.eclipse.recommenders.models.ModelRepository.resolveInternal(ModelRepository.java:192) [org.eclipse.recommenders.models_2.3.0.v20160216-1255.jar:na]
	at org.eclipse.recommenders.models.ModelRepository.resolve(ModelRepository.java:174) [org.eclipse.recommenders.models_2.3.0.v20160216-1255.jar:na]
	at org.eclipse.recommenders.internal.models.rcp.EclipseModelRepository.resolve(EclipseModelRepository.java:165) [org.eclipse.recommenders.models.rcp_2.3.0.v20160216-1255.jar:na]
	at org.eclipse.recommenders.internal.models.rcp.DownloadModelArchiveJob.run(DownloadModelArchiveJob.java:76) [org.eclipse.recommenders.models.rcp_2.3.0.v20160216-1255.jar:na]
	at org.eclipse.core.internal.jobs.Worker.run(Worker.java:55) [org.eclipse.core.jobs_3.7.0.v20150330-2103.jar:na]
Caused by: org.eclipse.aether.transfer.ArtifactNotFoundException: Could not find artifact org.eclipse.recommenders:index:zip:0.0.0-SNAPSHOT in models (http://download.eclipse.org/recommenders/models/mars/)
	at org.eclipse.aether.connector.basic.ArtifactTransportListener.transferFailed(ArtifactTransportListener.java:39) ~[org.eclipse.aether.connector.basic_1.0.1.v20141111.jar:na]
	at org.eclipse.aether.connector.basic.BasicRepositoryConnector$TaskRunner.run(BasicRepositoryConnector.java:355) ~[org.eclipse.aether.connector.basic_1.0.1.v20141111.jar:na]
	at org.eclipse.aether.util.concurrency.RunnableErrorForwarder$1.run(RunnableErrorForwarder.java:67) ~[na:na]
	at org.eclipse.aether.connector.basic.BasicRepositoryConnector$DirectExecutor.execute(BasicRepositoryConnector.java:581) ~[org.eclipse.aether.connector.basic_1.0.1.v20141111.jar:na]
	at org.eclipse.aether.connector.basic.BasicRepositoryConnector.get(BasicRepositoryConnector.java:249) ~[org.eclipse.aether.connector.basic_1.0.1.v20141111.jar:na]
	at org.eclipse.aether.internal.impl.DefaultArtifactResolver.performDownloads(DefaultArtifactResolver.java:520) ~[na:na]
	at org.eclipse.aether.internal.impl.DefaultArtifactResolver.resolve(DefaultArtifactResolver.java:421) ~[na:na]
	... 8 common frames omitted
2019-09-27 15:14:25,846 [Worker-27] INFO  o.e.m.c.i.embedder.EclipseLogger - Using 'UTF-8' encoding to copy filtered resources.
2019-09-27 15:14:25,847 [Worker-27] INFO  o.e.m.c.i.embedder.EclipseLogger - Copying 1 resource
2019-09-27 15:14:25,856 [Worker-27] INFO  o.e.m.c.i.embedder.EclipseLogger - Using 'UTF-8' encoding to copy filtered resources.
2019-09-27 15:14:25,864 [Worker-27] INFO  o.e.m.c.i.embedder.EclipseLogger - Copying 0 resource
2019-09-27 15:15:20,737 [Worker-23] INFO  o.e.m.c.i.embedder.EclipseLogger - Using 'UTF-8' encoding to copy filtered resources.
2019-09-27 15:15:20,738 [Worker-23] INFO  o.e.m.c.i.embedder.EclipseLogger - Copying 1 resource
2019-09-27 15:15:20,748 [Worker-23] INFO  o.e.m.c.i.embedder.EclipseLogger - Using 'UTF-8' encoding to copy filtered resources.
2019-09-27 15:15:20,754 [Worker-23] INFO  o.e.m.c.i.embedder.EclipseLogger - Copying 0 resource
2019-09-27 15:15:28,695 [Worker-24] INFO  o.e.m.c.i.embedder.EclipseLogger - Using 'UTF-8' encoding to copy filtered resources.
2019-09-27 15:15:28,695 [Worker-24] INFO  o.e.m.c.i.embedder.EclipseLogger - Copying 1 resource
2019-09-27 15:15:28,702 [Worker-24] INFO  o.e.m.c.i.embedder.EclipseLogger - Using 'UTF-8' encoding to copy filtered resources.
2019-09-27 15:15:28,707 [Worker-24] INFO  o.e.m.c.i.embedder.EclipseLogger - Copying 0 resource
2019-09-27 15:15:46,271 [Worker-28] INFO  o.e.m.c.i.embedder.EclipseLogger - Using 'UTF-8' encoding to copy filtered resources.
2019-09-27 15:15:46,272 [Worker-28] INFO  o.e.m.c.i.embedder.EclipseLogger - Copying 1 resource
2019-09-27 15:15:46,279 [Worker-28] INFO  o.e.m.c.i.embedder.EclipseLogger - Using 'UTF-8' encoding to copy filtered resources.
2019-09-27 15:15:46,285 [Worker-28] INFO  o.e.m.c.i.embedder.EclipseLogger - Copying 0 resource
2019-09-27 15:15:59,618 [Worker-27] INFO  o.e.m.c.i.embedder.EclipseLogger - Using 'UTF-8' encoding to copy filtered resources.
2019-09-27 15:15:59,618 [Worker-27] INFO  o.e.m.c.i.embedder.EclipseLogger - Copying 1 resource
2019-09-27 15:15:59,625 [Worker-27] INFO  o.e.m.c.i.embedder.EclipseLogger - Using 'UTF-8' encoding to copy filtered resources.
2019-09-27 15:15:59,631 [Worker-27] INFO  o.e.m.c.i.embedder.EclipseLogger - Copying 0 resource
2019-09-27 15:16:14,118 [Worker-23] INFO  o.e.m.c.i.embedder.EclipseLogger - Using 'UTF-8' encoding to copy filtered resources.
2019-09-27 15:16:14,119 [Worker-23] INFO  o.e.m.c.i.embedder.EclipseLogger - Copying 1 resource
2019-09-27 15:16:14,136 [Worker-23] INFO  o.e.m.c.i.embedder.EclipseLogger - Using 'UTF-8' encoding to copy filtered resources.
2019-09-27 15:16:14,146 [Worker-23] INFO  o.e.m.c.i.embedder.EclipseLogger - Copying 0 resource
2019-09-27 15:16:20,835 [Worker-30] INFO  o.e.m.c.i.embedder.EclipseLogger - Using 'UTF-8' encoding to copy filtered resources.
2019-09-27 15:16:20,835 [Worker-30] INFO  o.e.m.c.i.embedder.EclipseLogger - Copying 1 resource
2019-09-27 15:16:20,842 [Worker-30] INFO  o.e.m.c.i.embedder.EclipseLogger - Using 'UTF-8' encoding to copy filtered resources.
2019-09-27 15:16:20,848 [Worker-30] INFO  o.e.m.c.i.embedder.EclipseLogger - Copying 0 resource
2019-09-27 15:16:24,184 [Worker-5] INFO  o.e.m.c.i.embedder.EclipseLogger - Using 'UTF-8' encoding to copy filtered resources.
2019-09-27 15:16:24,185 [Worker-5] INFO  o.e.m.c.i.embedder.EclipseLogger - Copying 1 resource
2019-09-27 15:16:24,193 [Worker-5] INFO  o.e.m.c.i.embedder.EclipseLogger - Using 'UTF-8' encoding to copy filtered resources.
2019-09-27 15:16:24,199 [Worker-5] INFO  o.e.m.c.i.embedder.EclipseLogger - Copying 0 resource
2019-09-27 15:17:21,023 [Worker-23] INFO  o.e.m.c.i.embedder.EclipseLogger - Using 'UTF-8' encoding to copy filtered resources.
2019-09-27 15:17:21,024 [Worker-23] INFO  o.e.m.c.i.embedder.EclipseLogger - Copying 1 resource
2019-09-27 15:17:21,040 [Worker-23] INFO  o.e.m.c.i.embedder.EclipseLogger - Using 'UTF-8' encoding to copy filtered resources.
2019-09-27 15:17:21,047 [Worker-23] INFO  o.e.m.c.i.embedder.EclipseLogger - Copying 0 resource
2019-09-27 15:17:43,847 [Worker-17] INFO  o.e.m.c.i.embedder.EclipseLogger - Using 'UTF-8' encoding to copy filtered resources.
2019-09-27 15:17:43,848 [Worker-17] INFO  o.e.m.c.i.embedder.EclipseLogger - Copying 1 resource
2019-09-27 15:17:43,867 [Worker-17] INFO  o.e.m.c.i.embedder.EclipseLogger - Using 'UTF-8' encoding to copy filtered resources.
2019-09-27 15:17:43,879 [Worker-17] INFO  o.e.m.c.i.embedder.EclipseLogger - Copying 0 resource
2019-09-27 15:18:41,746 [Worker-28] INFO  o.e.m.c.i.embedder.EclipseLogger - Using 'UTF-8' encoding to copy filtered resources.
2019-09-27 15:18:41,747 [Worker-28] INFO  o.e.m.c.i.embedder.EclipseLogger - Copying 1 resource
2019-09-27 15:18:41,756 [Worker-28] INFO  o.e.m.c.i.embedder.EclipseLogger - Using 'UTF-8' encoding to copy filtered resources.
2019-09-27 15:18:41,762 [Worker-28] INFO  o.e.m.c.i.embedder.EclipseLogger - Copying 0 resource
2019-09-27 15:19:23,885 [Worker-20] INFO  o.e.m.c.i.embedder.EclipseLogger - Using 'UTF-8' encoding to copy filtered resources.
2019-09-27 15:19:23,886 [Worker-20] INFO  o.e.m.c.i.embedder.EclipseLogger - Copying 1 resource
2019-09-27 15:19:23,893 [Worker-20] INFO  o.e.m.c.i.embedder.EclipseLogger - Using 'UTF-8' encoding to copy filtered resources.
2019-09-27 15:19:23,898 [Worker-20] INFO  o.e.m.c.i.embedder.EclipseLogger - Copying 0 resource
2019-09-27 15:19:58,071 [Worker-20] INFO  o.e.m.c.i.embedder.EclipseLogger - Using 'UTF-8' encoding to copy filtered resources.
2019-09-27 15:19:58,071 [Worker-20] INFO  o.e.m.c.i.embedder.EclipseLogger - Copying 1 resource
2019-09-27 15:19:58,077 [Worker-20] INFO  o.e.m.c.i.embedder.EclipseLogger - Using 'UTF-8' encoding to copy filtered resources.
2019-09-27 15:19:58,083 [Worker-20] INFO  o.e.m.c.i.embedder.EclipseLogger - Copying 0 resource
2019-09-27 15:20:20,074 [Worker-5] INFO  o.e.m.c.i.embedder.EclipseLogger - Using 'UTF-8' encoding to copy filtered resources.
2019-09-27 15:20:20,075 [Worker-5] INFO  o.e.m.c.i.embedder.EclipseLogger - Copying 1 resource
2019-09-27 15:20:20,085 [Worker-5] INFO  o.e.m.c.i.embedder.EclipseLogger - Using 'UTF-8' encoding to copy filtered resources.
2019-09-27 15:20:20,094 [Worker-5] INFO  o.e.m.c.i.embedder.EclipseLogger - Copying 0 resource
2019-09-27 15:20:48,199 [Worker-30] INFO  o.e.m.c.i.embedder.EclipseLogger - Using 'UTF-8' encoding to copy filtered resources.
2019-09-27 15:20:48,200 [Worker-30] INFO  o.e.m.c.i.embedder.EclipseLogger - Copying 1 resource
2019-09-27 15:20:48,210 [Worker-30] INFO  o.e.m.c.i.embedder.EclipseLogger - Using 'UTF-8' encoding to copy filtered resources.
2019-09-27 15:20:48,216 [Worker-30] INFO  o.e.m.c.i.embedder.EclipseLogger - Copying 0 resource
2019-09-27 15:20:55,699 [Worker-20] INFO  o.e.m.c.i.embedder.EclipseLogger - Using 'UTF-8' encoding to copy filtered resources.
2019-09-27 15:20:55,699 [Worker-20] INFO  o.e.m.c.i.embedder.EclipseLogger - Copying 1 resource
2019-09-27 15:20:55,705 [Worker-20] INFO  o.e.m.c.i.embedder.EclipseLogger - Using 'UTF-8' encoding to copy filtered resources.
2019-09-27 15:20:55,711 [Worker-20] INFO  o.e.m.c.i.embedder.EclipseLogger - Copying 0 resource
2019-09-27 15:20:57,521 [Worker-31] INFO  o.e.m.c.i.embedder.EclipseLogger - Using 'UTF-8' encoding to copy filtered resources.
2019-09-27 15:20:57,521 [Worker-31] INFO  o.e.m.c.i.embedder.EclipseLogger - Copying 1 resource
2019-09-27 15:20:57,527 [Worker-31] INFO  o.e.m.c.i.embedder.EclipseLogger - Using 'UTF-8' encoding to copy filtered resources.
2019-09-27 15:20:57,534 [Worker-31] INFO  o.e.m.c.i.embedder.EclipseLogger - Copying 0 resource
2019-09-27 15:21:22,710 [Worker-28] INFO  o.e.m.c.i.embedder.EclipseLogger - Using 'UTF-8' encoding to copy filtered resources.
2019-09-27 15:21:22,711 [Worker-28] INFO  o.e.m.c.i.embedder.EclipseLogger - Copying 1 resource
2019-09-27 15:21:22,718 [Worker-28] INFO  o.e.m.c.i.embedder.EclipseLogger - Using 'UTF-8' encoding to copy filtered resources.
2019-09-27 15:21:22,726 [Worker-28] INFO  o.e.m.c.i.embedder.EclipseLogger - Copying 0 resource
2019-09-27 15:21:26,758 [Worker-17] INFO  o.e.m.c.i.embedder.EclipseLogger - Using 'UTF-8' encoding to copy filtered resources.
2019-09-27 15:21:26,759 [Worker-17] INFO  o.e.m.c.i.embedder.EclipseLogger - Copying 1 resource
2019-09-27 15:21:26,765 [Worker-17] INFO  o.e.m.c.i.embedder.EclipseLogger - Using 'UTF-8' encoding to copy filtered resources.
2019-09-27 15:21:26,770 [Worker-17] INFO  o.e.m.c.i.embedder.EclipseLogger - Copying 0 resource
2019-09-27 15:21:41,443 [Worker-32] INFO  o.e.m.c.i.embedder.EclipseLogger - Using 'UTF-8' encoding to copy filtered resources.
2019-09-27 15:21:41,444 [Worker-32] INFO  o.e.m.c.i.embedder.EclipseLogger - Copying 1 resource
2019-09-27 15:21:41,460 [Worker-32] INFO  o.e.m.c.i.embedder.EclipseLogger - Using 'UTF-8' encoding to copy filtered resources.
2019-09-27 15:21:41,468 [Worker-32] INFO  o.e.m.c.i.embedder.EclipseLogger - Copying 0 resource
2019-09-27 15:22:30,129 [Worker-31] INFO  o.e.m.c.i.embedder.EclipseLogger - Using 'UTF-8' encoding to copy filtered resources.
2019-09-27 15:22:30,130 [Worker-31] INFO  o.e.m.c.i.embedder.EclipseLogger - Copying 1 resource
2019-09-27 15:22:30,142 [Worker-31] INFO  o.e.m.c.i.embedder.EclipseLogger - Using 'UTF-8' encoding to copy filtered resources.
2019-09-27 15:22:30,147 [Worker-31] INFO  o.e.m.c.i.embedder.EclipseLogger - Copying 0 resource
2019-09-27 15:29:08,936 [Worker-32] INFO  o.e.m.c.i.embedder.EclipseLogger - Using 'UTF-8' encoding to copy filtered resources.
2019-09-27 15:29:08,938 [Worker-32] INFO  o.e.m.c.i.embedder.EclipseLogger - Copying 1 resource
2019-09-27 15:29:08,947 [Worker-32] INFO  o.e.m.c.i.embedder.EclipseLogger - Using 'UTF-8' encoding to copy filtered resources.
2019-09-27 15:29:08,952 [Worker-32] INFO  o.e.m.c.i.embedder.EclipseLogger - Copying 0 resource
2019-09-27 15:30:12,635 [Worker-20] INFO  o.e.m.c.i.embedder.EclipseLogger - Using 'UTF-8' encoding to copy filtered resources.
2019-09-27 15:30:12,635 [Worker-20] INFO  o.e.m.c.i.embedder.EclipseLogger - Copying 1 resource
2019-09-27 15:30:12,641 [Worker-20] INFO  o.e.m.c.i.embedder.EclipseLogger - Using 'UTF-8' encoding to copy filtered resources.
2019-09-27 15:30:12,649 [Worker-20] INFO  o.e.m.c.i.embedder.EclipseLogger - Copying 0 resource
2019-09-27 15:30:52,556 [Worker-27] INFO  o.e.m.c.i.embedder.EclipseLogger - Using 'UTF-8' encoding to copy filtered resources.
2019-09-27 15:30:52,557 [Worker-27] INFO  o.e.m.c.i.embedder.EclipseLogger - Copying 1 resource
2019-09-27 15:30:52,564 [Worker-27] INFO  o.e.m.c.i.embedder.EclipseLogger - Using 'UTF-8' encoding to copy filtered resources.
2019-09-27 15:30:52,572 [Worker-27] INFO  o.e.m.c.i.embedder.EclipseLogger - Copying 0 resource
2019-09-27 15:31:03,557 [Worker-20] INFO  o.e.m.c.i.embedder.EclipseLogger - Using 'UTF-8' encoding to copy filtered resources.
2019-09-27 15:31:03,558 [Worker-20] INFO  o.e.m.c.i.embedder.EclipseLogger - Copying 1 resource
2019-09-27 15:31:03,564 [Worker-20] INFO  o.e.m.c.i.embedder.EclipseLogger - Using 'UTF-8' encoding to copy filtered resources.
2019-09-27 15:31:03,570 [Worker-20] INFO  o.e.m.c.i.embedder.EclipseLogger - Copying 0 resource
2019-09-27 15:31:11,963 [Worker-20] INFO  o.e.m.c.i.embedder.EclipseLogger - Using 'UTF-8' encoding to copy filtered resources.
2019-09-27 15:31:11,964 [Worker-20] INFO  o.e.m.c.i.embedder.EclipseLogger - Copying 1 resource
2019-09-27 15:31:11,974 [Worker-20] INFO  o.e.m.c.i.embedder.EclipseLogger - Using 'UTF-8' encoding to copy filtered resources.
2019-09-27 15:31:11,980 [Worker-20] INFO  o.e.m.c.i.embedder.EclipseLogger - Copying 0 resource
2019-09-27 15:31:14,501 [Worker-24] INFO  o.e.m.c.i.embedder.EclipseLogger - Using 'UTF-8' encoding to copy filtered resources.
2019-09-27 15:31:14,502 [Worker-24] INFO  o.e.m.c.i.embedder.EclipseLogger - Copying 1 resource
2019-09-27 15:31:14,515 [Worker-24] INFO  o.e.m.c.i.embedder.EclipseLogger - Using 'UTF-8' encoding to copy filtered resources.
2019-09-27 15:31:14,524 [Worker-24] INFO  o.e.m.c.i.embedder.EclipseLogger - Copying 0 resource
2019-09-27 15:36:03,458 [Worker-36] INFO  o.e.m.c.i.embedder.EclipseLogger - Using 'UTF-8' encoding to copy filtered resources.
2019-09-27 15:36:03,459 [Worker-36] INFO  o.e.m.c.i.embedder.EclipseLogger - Copying 1 resource
2019-09-27 15:36:03,466 [Worker-36] INFO  o.e.m.c.i.embedder.EclipseLogger - Using 'UTF-8' encoding to copy filtered resources.
2019-09-27 15:36:03,471 [Worker-36] INFO  o.e.m.c.i.embedder.EclipseLogger - Copying 0 resource
2019-09-27 15:36:13,720 [Worker-40] INFO  o.e.m.c.i.embedder.EclipseLogger - Using 'UTF-8' encoding to copy filtered resources.
2019-09-27 15:36:13,721 [Worker-40] INFO  o.e.m.c.i.embedder.EclipseLogger - Copying 1 resource
2019-09-27 15:36:13,727 [Worker-40] INFO  o.e.m.c.i.embedder.EclipseLogger - Using 'UTF-8' encoding to copy filtered resources.
2019-09-27 15:36:13,732 [Worker-40] INFO  o.e.m.c.i.embedder.EclipseLogger - Copying 0 resource
2019-09-27 15:36:18,125 [Worker-39] INFO  o.e.m.c.i.embedder.EclipseLogger - Using 'UTF-8' encoding to copy filtered resources.
2019-09-27 15:36:18,126 [Worker-39] INFO  o.e.m.c.i.embedder.EclipseLogger - Copying 1 resource
2019-09-27 15:36:18,133 [Worker-39] INFO  o.e.m.c.i.embedder.EclipseLogger - Using 'UTF-8' encoding to copy filtered resources.
2019-09-27 15:36:18,140 [Worker-39] INFO  o.e.m.c.i.embedder.EclipseLogger - Copying 0 resource
2019-09-27 15:36:37,922 [Worker-27] INFO  o.e.m.c.i.embedder.EclipseLogger - Using 'UTF-8' encoding to copy filtered resources.
2019-09-27 15:36:37,923 [Worker-27] INFO  o.e.m.c.i.embedder.EclipseLogger - Copying 1 resource
2019-09-27 15:36:37,930 [Worker-27] INFO  o.e.m.c.i.embedder.EclipseLogger - Using 'UTF-8' encoding to copy filtered resources.
2019-09-27 15:36:37,936 [Worker-27] INFO  o.e.m.c.i.embedder.EclipseLogger - Copying 0 resource
2019-09-27 15:36:59,821 [Worker-36] INFO  o.e.m.c.i.embedder.EclipseLogger - Using 'UTF-8' encoding to copy filtered resources.
2019-09-27 15:36:59,822 [Worker-36] INFO  o.e.m.c.i.embedder.EclipseLogger - Copying 1 resource
2019-09-27 15:36:59,828 [Worker-36] INFO  o.e.m.c.i.embedder.EclipseLogger - Using 'UTF-8' encoding to copy filtered resources.
2019-09-27 15:36:59,834 [Worker-36] INFO  o.e.m.c.i.embedder.EclipseLogger - Copying 0 resource
2019-09-27 15:37:13,182 [Worker-42] INFO  o.e.m.c.i.embedder.EclipseLogger - Using 'UTF-8' encoding to copy filtered resources.
2019-09-27 15:37:13,183 [Worker-42] INFO  o.e.m.c.i.embedder.EclipseLogger - Copying 1 resource
2019-09-27 15:37:13,189 [Worker-42] INFO  o.e.m.c.i.embedder.EclipseLogger - Using 'UTF-8' encoding to copy filtered resources.
2019-09-27 15:37:13,194 [Worker-42] INFO  o.e.m.c.i.embedder.EclipseLogger - Copying 0 resource
2019-09-27 15:37:57,860 [Worker-41] INFO  o.e.m.c.i.embedder.EclipseLogger - Using 'UTF-8' encoding to copy filtered resources.
2019-09-27 15:37:57,860 [Worker-41] INFO  o.e.m.c.i.embedder.EclipseLogger - Copying 1 resource
2019-09-27 15:37:57,867 [Worker-41] INFO  o.e.m.c.i.embedder.EclipseLogger - Using 'UTF-8' encoding to copy filtered resources.
2019-09-27 15:37:57,872 [Worker-41] INFO  o.e.m.c.i.embedder.EclipseLogger - Copying 0 resource
2019-09-27 15:38:02,446 [Worker-24] INFO  o.e.m.c.i.embedder.EclipseLogger - Using 'UTF-8' encoding to copy filtered resources.
2019-09-27 15:38:02,447 [Worker-24] INFO  o.e.m.c.i.embedder.EclipseLogger - Copying 1 resource
2019-09-27 15:38:02,457 [Worker-24] INFO  o.e.m.c.i.embedder.EclipseLogger - Using 'UTF-8' encoding to copy filtered resources.
2019-09-27 15:38:02,466 [Worker-24] INFO  o.e.m.c.i.embedder.EclipseLogger - Copying 0 resource
2019-09-27 15:38:30,877 [Worker-43] INFO  o.e.m.c.i.embedder.EclipseLogger - Using 'UTF-8' encoding to copy filtered resources.
2019-09-27 15:38:30,877 [Worker-43] INFO  o.e.m.c.i.embedder.EclipseLogger - Copying 1 resource
2019-09-27 15:38:30,888 [Worker-43] INFO  o.e.m.c.i.embedder.EclipseLogger - Using 'UTF-8' encoding to copy filtered resources.
2019-09-27 15:38:30,900 [Worker-43] INFO  o.e.m.c.i.embedder.EclipseLogger - Copying 0 resource
2019-09-27 15:38:50,779 [Worker-27] INFO  o.e.m.c.i.embedder.EclipseLogger - Using 'UTF-8' encoding to copy filtered resources.
2019-09-27 15:38:50,780 [Worker-27] INFO  o.e.m.c.i.embedder.EclipseLogger - Copying 1 resource
2019-09-27 15:38:50,786 [Worker-27] INFO  o.e.m.c.i.embedder.EclipseLogger - Using 'UTF-8' encoding to copy filtered resources.
2019-09-27 15:38:50,792 [Worker-27] INFO  o.e.m.c.i.embedder.EclipseLogger - Copying 0 resource
2019-09-27 15:39:06,122 [Worker-39] INFO  o.e.m.c.i.embedder.EclipseLogger - Using 'UTF-8' encoding to copy filtered resources.
2019-09-27 15:39:06,123 [Worker-39] INFO  o.e.m.c.i.embedder.EclipseLogger - Copying 1 resource
2019-09-27 15:39:06,130 [Worker-39] INFO  o.e.m.c.i.embedder.EclipseLogger - Using 'UTF-8' encoding to copy filtered resources.
2019-09-27 15:39:06,136 [Worker-39] INFO  o.e.m.c.i.embedder.EclipseLogger - Copying 0 resource
2019-09-27 15:41:01,902 [Worker-20] INFO  o.e.m.c.i.embedder.EclipseLogger - Using 'UTF-8' encoding to copy filtered resources.
2019-09-27 15:41:01,903 [Worker-20] INFO  o.e.m.c.i.embedder.EclipseLogger - Copying 1 resource
2019-09-27 15:41:01,911 [Worker-20] INFO  o.e.m.c.i.embedder.EclipseLogger - Using 'UTF-8' encoding to copy filtered resources.
2019-09-27 15:41:01,916 [Worker-20] INFO  o.e.m.c.i.embedder.EclipseLogger - Copying 0 resource
2019-09-27 15:41:04,722 [Worker-40] INFO  o.e.m.c.i.embedder.EclipseLogger - Using 'UTF-8' encoding to copy filtered resources.
2019-09-27 15:41:04,723 [Worker-40] INFO  o.e.m.c.i.embedder.EclipseLogger - Copying 1 resource
2019-09-27 15:41:04,729 [Worker-40] INFO  o.e.m.c.i.embedder.EclipseLogger - Using 'UTF-8' encoding to copy filtered resources.
2019-09-27 15:41:04,734 [Worker-40] INFO  o.e.m.c.i.embedder.EclipseLogger - Copying 0 resource
2019-09-27 15:41:24,908 [Worker-44] INFO  o.e.m.c.i.embedder.EclipseLogger - Using 'UTF-8' encoding to copy filtered resources.
2019-09-27 15:41:24,909 [Worker-44] INFO  o.e.m.c.i.embedder.EclipseLogger - Copying 1 resource
2019-09-27 15:41:24,916 [Worker-44] INFO  o.e.m.c.i.embedder.EclipseLogger - Using 'UTF-8' encoding to copy filtered resources.
2019-09-27 15:41:24,921 [Worker-44] INFO  o.e.m.c.i.embedder.EclipseLogger - Copying 0 resource
2019-09-27 15:41:31,638 [Worker-47] INFO  o.e.m.c.i.embedder.EclipseLogger - Using 'UTF-8' encoding to copy filtered resources.
2019-09-27 15:41:31,641 [Worker-47] INFO  o.e.m.c.i.embedder.EclipseLogger - Copying 1 resource
2019-09-27 15:41:31,651 [Worker-47] INFO  o.e.m.c.i.embedder.EclipseLogger - Using 'UTF-8' encoding to copy filtered resources.
2019-09-27 15:41:31,658 [Worker-47] INFO  o.e.m.c.i.embedder.EclipseLogger - Copying 0 resource
2019-09-27 15:41:54,135 [Worker-47] INFO  o.e.m.c.i.embedder.EclipseLogger - Using 'UTF-8' encoding to copy filtered resources.
2019-09-27 15:41:54,135 [Worker-47] INFO  o.e.m.c.i.embedder.EclipseLogger - Copying 1 resource
2019-09-27 15:41:54,142 [Worker-47] INFO  o.e.m.c.i.embedder.EclipseLogger - Using 'UTF-8' encoding to copy filtered resources.
2019-09-27 15:41:54,147 [Worker-47] INFO  o.e.m.c.i.embedder.EclipseLogger - Copying 0 resource
2019-09-27 15:42:05,227 [Worker-47] INFO  o.e.m.c.i.embedder.EclipseLogger - Using 'UTF-8' encoding to copy filtered resources.
2019-09-27 15:42:05,228 [Worker-47] INFO  o.e.m.c.i.embedder.EclipseLogger - Copying 1 resource
2019-09-27 15:42:05,234 [Worker-47] INFO  o.e.m.c.i.embedder.EclipseLogger - Using 'UTF-8' encoding to copy filtered resources.
2019-09-27 15:42:05,239 [Worker-47] INFO  o.e.m.c.i.embedder.EclipseLogger - Copying 0 resource
2019-09-27 15:42:33,488 [Worker-20] INFO  o.e.m.c.i.embedder.EclipseLogger - Using 'UTF-8' encoding to copy filtered resources.
2019-09-27 15:42:33,489 [Worker-20] INFO  o.e.m.c.i.embedder.EclipseLogger - Copying 1 resource
2019-09-27 15:42:33,498 [Worker-20] INFO  o.e.m.c.i.embedder.EclipseLogger - Using 'UTF-8' encoding to copy filtered resources.
2019-09-27 15:42:33,506 [Worker-20] INFO  o.e.m.c.i.embedder.EclipseLogger - Copying 0 resource
2019-09-27 15:42:42,642 [Worker-39] INFO  o.e.m.c.i.embedder.EclipseLogger - Using 'UTF-8' encoding to copy filtered resources.
2019-09-27 15:42:42,643 [Worker-39] INFO  o.e.m.c.i.embedder.EclipseLogger - Copying 1 resource
2019-09-27 15:42:42,650 [Worker-39] INFO  o.e.m.c.i.embedder.EclipseLogger - Using 'UTF-8' encoding to copy filtered resources.
2019-09-27 15:42:42,656 [Worker-39] INFO  o.e.m.c.i.embedder.EclipseLogger - Copying 0 resource
2019-09-27 15:42:48,324 [Worker-48] INFO  o.e.m.c.i.embedder.EclipseLogger - Using 'UTF-8' encoding to copy filtered resources.
2019-09-27 15:42:48,325 [Worker-48] INFO  o.e.m.c.i.embedder.EclipseLogger - Copying 1 resource
2019-09-27 15:42:48,336 [Worker-48] INFO  o.e.m.c.i.embedder.EclipseLogger - Using 'UTF-8' encoding to copy filtered resources.
2019-09-27 15:42:48,343 [Worker-48] INFO  o.e.m.c.i.embedder.EclipseLogger - Copying 0 resource
2019-09-27 15:45:08,041 [Worker-39] INFO  o.e.m.c.i.embedder.EclipseLogger - Using 'UTF-8' encoding to copy filtered resources.
2019-09-27 15:45:08,042 [Worker-39] INFO  o.e.m.c.i.embedder.EclipseLogger - Copying 1 resource
2019-09-27 15:45:08,070 [Worker-39] INFO  o.e.m.c.i.embedder.EclipseLogger - Using 'UTF-8' encoding to copy filtered resources.
2019-09-27 15:45:08,076 [Worker-39] INFO  o.e.m.c.i.embedder.EclipseLogger - Copying 0 resource
2019-09-27 15:45:17,480 [Worker-40] INFO  o.e.m.c.i.embedder.EclipseLogger - Using 'UTF-8' encoding to copy filtered resources.
2019-09-27 15:45:17,481 [Worker-40] INFO  o.e.m.c.i.embedder.EclipseLogger - Copying 1 resource
2019-09-27 15:45:17,489 [Worker-40] INFO  o.e.m.c.i.embedder.EclipseLogger - Using 'UTF-8' encoding to copy filtered resources.
2019-09-27 15:45:17,495 [Worker-40] INFO  o.e.m.c.i.embedder.EclipseLogger - Copying 0 resource
2019-09-27 15:45:20,126 [Worker-48] INFO  o.e.m.c.i.embedder.EclipseLogger - Using 'UTF-8' encoding to copy filtered resources.
2019-09-27 15:45:20,127 [Worker-48] INFO  o.e.m.c.i.embedder.EclipseLogger - Copying 1 resource
2019-09-27 15:45:20,138 [Worker-48] INFO  o.e.m.c.i.embedder.EclipseLogger - Using 'UTF-8' encoding to copy filtered resources.
2019-09-27 15:45:20,146 [Worker-48] INFO  o.e.m.c.i.embedder.EclipseLogger - Copying 0 resource
2019-09-27 15:47:37,577 [Worker-43] INFO  o.e.m.c.i.embedder.EclipseLogger - Using 'UTF-8' encoding to copy filtered resources.
2019-09-27 15:47:37,578 [Worker-43] INFO  o.e.m.c.i.embedder.EclipseLogger - Copying 1 resource
2019-09-27 15:47:37,584 [Worker-43] INFO  o.e.m.c.i.embedder.EclipseLogger - Using 'UTF-8' encoding to copy filtered resources.
2019-09-27 15:47:37,589 [Worker-43] INFO  o.e.m.c.i.embedder.EclipseLogger - Copying 0 resource
2019-09-27 15:48:05,472 [Worker-47] INFO  o.e.m.c.i.embedder.EclipseLogger - Using 'UTF-8' encoding to copy filtered resources.
2019-09-27 15:48:05,472 [Worker-47] INFO  o.e.m.c.i.embedder.EclipseLogger - Copying 1 resource
2019-09-27 15:48:05,501 [Worker-47] INFO  o.e.m.c.i.embedder.EclipseLogger - Using 'UTF-8' encoding to copy filtered resources.
2019-09-27 15:48:05,506 [Worker-47] INFO  o.e.m.c.i.embedder.EclipseLogger - Copying 0 resource
2019-09-27 16:04:00,455 [Worker-43] INFO  o.e.m.c.i.embedder.EclipseLogger - Using 'UTF-8' encoding to copy filtered resources.
2019-09-27 16:04:00,462 [Worker-43] INFO  o.e.m.c.i.embedder.EclipseLogger - Copying 1 resource
2019-09-27 16:04:00,519 [Worker-43] INFO  o.e.m.c.i.embedder.EclipseLogger - Using 'UTF-8' encoding to copy filtered resources.
2019-09-27 16:04:00,527 [Worker-43] INFO  o.e.m.c.i.embedder.EclipseLogger - Copying 0 resource
2019-09-27 16:05:45,634 [Worker-40] INFO  o.e.m.c.i.embedder.EclipseLogger - Using 'UTF-8' encoding to copy filtered resources.
2019-09-27 16:05:45,635 [Worker-40] INFO  o.e.m.c.i.embedder.EclipseLogger - Copying 1 resource
2019-09-27 16:05:45,690 [Worker-40] INFO  o.e.m.c.i.embedder.EclipseLogger - Using 'UTF-8' encoding to copy filtered resources.
2019-09-27 16:05:45,695 [Worker-40] INFO  o.e.m.c.i.embedder.EclipseLogger - Copying 0 resource
2019-09-27 16:05:57,488 [Worker-46] INFO  o.e.m.c.i.embedder.EclipseLogger - Using 'UTF-8' encoding to copy filtered resources.
2019-09-27 16:05:57,488 [Worker-46] INFO  o.e.m.c.i.embedder.EclipseLogger - Copying 1 resource
2019-09-27 16:05:57,582 [Worker-46] INFO  o.e.m.c.i.embedder.EclipseLogger - Using 'UTF-8' encoding to copy filtered resources.
2019-09-27 16:05:57,588 [Worker-46] INFO  o.e.m.c.i.embedder.EclipseLogger - Copying 0 resource
2019-09-27 16:06:06,106 [Worker-57] INFO  o.e.m.c.i.embedder.EclipseLogger - Using 'UTF-8' encoding to copy filtered resources.
2019-09-27 16:06:06,107 [Worker-57] INFO  o.e.m.c.i.embedder.EclipseLogger - Copying 1 resource
2019-09-27 16:06:06,113 [Worker-57] INFO  o.e.m.c.i.embedder.EclipseLogger - Using 'UTF-8' encoding to copy filtered resources.
2019-09-27 16:06:06,118 [Worker-57] INFO  o.e.m.c.i.embedder.EclipseLogger - Copying 0 resource
2019-09-27 16:07:14,703 [Worker-47] INFO  o.e.m.c.i.embedder.EclipseLogger - Using 'UTF-8' encoding to copy filtered resources.
2019-09-27 16:07:14,703 [Worker-47] INFO  o.e.m.c.i.embedder.EclipseLogger - Copying 1 resource
2019-09-27 16:07:14,760 [Worker-47] INFO  o.e.m.c.i.embedder.EclipseLogger - Using 'UTF-8' encoding to copy filtered resources.
2019-09-27 16:07:14,768 [Worker-47] INFO  o.e.m.c.i.embedder.EclipseLogger - Copying 0 resource
2019-09-27 16:35:57,819 [Worker-61] INFO  o.e.m.c.i.embedder.EclipseLogger - Using 'UTF-8' encoding to copy filtered resources.
2019-09-27 16:35:57,820 [Worker-61] INFO  o.e.m.c.i.embedder.EclipseLogger - Copying 1 resource
2019-09-27 16:35:57,828 [Worker-61] INFO  o.e.m.c.i.embedder.EclipseLogger - Using 'UTF-8' encoding to copy filtered resources.
2019-09-27 16:35:57,834 [Worker-61] INFO  o.e.m.c.i.embedder.EclipseLogger - Copying 0 resource
2019-09-27 16:37:17,521 [Worker-63] INFO  o.e.m.c.i.embedder.EclipseLogger - Using 'UTF-8' encoding to copy filtered resources.
2019-09-27 16:37:17,522 [Worker-63] INFO  o.e.m.c.i.embedder.EclipseLogger - Copying 1 resource
2019-09-27 16:37:17,530 [Worker-63] INFO  o.e.m.c.i.embedder.EclipseLogger - Using 'UTF-8' encoding to copy filtered resources.
2019-09-27 16:37:17,536 [Worker-63] INFO  o.e.m.c.i.embedder.EclipseLogger - Copying 0 resource
2019-09-27 16:37:49,917 [Worker-63] INFO  o.e.m.c.i.embedder.EclipseLogger - Using 'UTF-8' encoding to copy filtered resources.
2019-09-27 16:37:49,918 [Worker-63] INFO  o.e.m.c.i.embedder.EclipseLogger - Copying 1 resource
2019-09-27 16:37:49,928 [Worker-63] INFO  o.e.m.c.i.embedder.EclipseLogger - Using 'UTF-8' encoding to copy filtered resources.
2019-09-27 16:37:49,936 [Worker-63] INFO  o.e.m.c.i.embedder.EclipseLogger - Copying 0 resource
2019-09-27 16:39:08,094 [Worker-63] INFO  o.e.m.c.i.embedder.EclipseLogger - Using 'UTF-8' encoding to copy filtered resources.
2019-09-27 16:39:08,095 [Worker-63] INFO  o.e.m.c.i.embedder.EclipseLogger - Copying 1 resource
2019-09-27 16:39:08,116 [Worker-63] INFO  o.e.m.c.i.embedder.EclipseLogger - Using 'UTF-8' encoding to copy filtered resources.
2019-09-27 16:39:08,126 [Worker-63] INFO  o.e.m.c.i.embedder.EclipseLogger - Copying 0 resource
2019-09-27 16:40:01,597 [Worker-65] INFO  o.e.m.c.i.embedder.EclipseLogger - Using 'UTF-8' encoding to copy filtered resources.
2019-09-27 16:40:01,598 [Worker-65] INFO  o.e.m.c.i.embedder.EclipseLogger - Copying 1 resource
2019-09-27 16:40:01,607 [Worker-65] INFO  o.e.m.c.i.embedder.EclipseLogger - Using 'UTF-8' encoding to copy filtered resources.
2019-09-27 16:40:01,614 [Worker-65] INFO  o.e.m.c.i.embedder.EclipseLogger - Copying 0 resource
2019-09-27 16:40:55,729 [Worker-64] INFO  o.e.m.c.i.embedder.EclipseLogger - Using 'UTF-8' encoding to copy filtered resources.
2019-09-27 16:40:55,730 [Worker-64] INFO  o.e.m.c.i.embedder.EclipseLogger - Copying 1 resource
2019-09-27 16:40:55,736 [Worker-64] INFO  o.e.m.c.i.embedder.EclipseLogger - Using 'UTF-8' encoding to copy filtered resources.
2019-09-27 16:40:55,741 [Worker-64] INFO  o.e.m.c.i.embedder.EclipseLogger - Copying 0 resource
2019-09-27 16:41:19,727 [Worker-59] INFO  o.e.m.c.i.embedder.EclipseLogger - Using 'UTF-8' encoding to copy filtered resources.
2019-09-27 16:41:19,727 [Worker-59] INFO  o.e.m.c.i.embedder.EclipseLogger - Copying 1 resource
2019-09-27 16:41:19,734 [Worker-59] INFO  o.e.m.c.i.embedder.EclipseLogger - Using 'UTF-8' encoding to copy filtered resources.
2019-09-27 16:41:19,739 [Worker-59] INFO  o.e.m.c.i.embedder.EclipseLogger - Copying 0 resource
2019-09-27 16:41:29,074 [Worker-59] INFO  o.e.m.c.i.embedder.EclipseLogger - Using 'UTF-8' encoding to copy filtered resources.
2019-09-27 16:41:29,075 [Worker-59] INFO  o.e.m.c.i.embedder.EclipseLogger - Copying 1 resource
2019-09-27 16:41:29,081 [Worker-59] INFO  o.e.m.c.i.embedder.EclipseLogger - Using 'UTF-8' encoding to copy filtered resources.
2019-09-27 16:41:29,086 [Worker-59] INFO  o.e.m.c.i.embedder.EclipseLogger - Copying 0 resource
2019-09-27 16:42:00,247 [Worker-64] INFO  o.e.m.c.i.embedder.EclipseLogger - Using 'UTF-8' encoding to copy filtered resources.
2019-09-27 16:42:00,248 [Worker-64] INFO  o.e.m.c.i.embedder.EclipseLogger - Copying 1 resource
2019-09-27 16:42:00,258 [Worker-64] INFO  o.e.m.c.i.embedder.EclipseLogger - Using 'UTF-8' encoding to copy filtered resources.
2019-09-27 16:42:00,267 [Worker-64] INFO  o.e.m.c.i.embedder.EclipseLogger - Copying 0 resource
2019-09-27 16:42:03,916 [Worker-59] INFO  o.e.m.c.i.embedder.EclipseLogger - Using 'UTF-8' encoding to copy filtered resources.
2019-09-27 16:42:03,917 [Worker-59] INFO  o.e.m.c.i.embedder.EclipseLogger - Copying 1 resource
2019-09-27 16:42:03,927 [Worker-59] INFO  o.e.m.c.i.embedder.EclipseLogger - Using 'UTF-8' encoding to copy filtered resources.
2019-09-27 16:42:03,935 [Worker-59] INFO  o.e.m.c.i.embedder.EclipseLogger - Copying 0 resource
2019-09-27 16:42:07,706 [Worker-68] INFO  o.e.m.c.i.embedder.EclipseLogger - Using 'UTF-8' encoding to copy filtered resources.
2019-09-27 16:42:07,707 [Worker-68] INFO  o.e.m.c.i.embedder.EclipseLogger - Copying 1 resource
2019-09-27 16:42:07,717 [Worker-68] INFO  o.e.m.c.i.embedder.EclipseLogger - Using 'UTF-8' encoding to copy filtered resources.
2019-09-27 16:42:07,726 [Worker-68] INFO  o.e.m.c.i.embedder.EclipseLogger - Copying 0 resource
2019-09-27 16:42:11,720 [Worker-68] INFO  o.e.m.c.i.embedder.EclipseLogger - Using 'UTF-8' encoding to copy filtered resources.
2019-09-27 16:42:11,721 [Worker-68] INFO  o.e.m.c.i.embedder.EclipseLogger - Copying 1 resource
2019-09-27 16:42:11,733 [Worker-68] INFO  o.e.m.c.i.embedder.EclipseLogger - Using 'UTF-8' encoding to copy filtered resources.
2019-09-27 16:42:11,739 [Worker-68] INFO  o.e.m.c.i.embedder.EclipseLogger - Copying 0 resource
2019-09-27 16:42:40,951 [Worker-61] INFO  o.e.m.c.i.embedder.EclipseLogger - Using 'UTF-8' encoding to copy filtered resources.
2019-09-27 16:42:40,952 [Worker-61] INFO  o.e.m.c.i.embedder.EclipseLogger - Copying 1 resource
2019-09-27 16:42:40,962 [Worker-61] INFO  o.e.m.c.i.embedder.EclipseLogger - Using 'UTF-8' encoding to copy filtered resources.
2019-09-27 16:42:40,974 [Worker-61] INFO  o.e.m.c.i.embedder.EclipseLogger - Copying 0 resource
2019-09-27 16:43:02,883 [Worker-67] INFO  o.e.m.c.i.embedder.EclipseLogger - Using 'UTF-8' encoding to copy filtered resources.
2019-09-27 16:43:02,884 [Worker-67] INFO  o.e.m.c.i.embedder.EclipseLogger - Copying 1 resource
2019-09-27 16:43:02,898 [Worker-67] INFO  o.e.m.c.i.embedder.EclipseLogger - Using 'UTF-8' encoding to copy filtered resources.
2019-09-27 16:43:02,908 [Worker-67] INFO  o.e.m.c.i.embedder.EclipseLogger - Copying 0 resource
2019-09-27 16:43:05,942 [Worker-64] INFO  o.e.m.c.i.embedder.EclipseLogger - Using 'UTF-8' encoding to copy filtered resources.
2019-09-27 16:43:05,943 [Worker-64] INFO  o.e.m.c.i.embedder.EclipseLogger - Copying 2 resources
2019-09-27 16:43:05,951 [Worker-64] INFO  o.e.m.c.i.embedder.EclipseLogger - Using 'UTF-8' encoding to copy filtered resources.
2019-09-27 16:43:05,959 [Worker-64] INFO  o.e.m.c.i.embedder.EclipseLogger - Copying 0 resource
2019-09-27 16:46:10,917 [Worker-69] INFO  o.e.m.c.i.embedder.EclipseLogger - Using 'UTF-8' encoding to copy filtered resources.
2019-09-27 16:46:10,919 [Worker-69] INFO  o.e.m.c.i.embedder.EclipseLogger - Copying 2 resources
2019-09-27 16:46:10,974 [Worker-69] INFO  o.e.m.c.i.embedder.EclipseLogger - Using 'UTF-8' encoding to copy filtered resources.
2019-09-27 16:46:10,989 [Worker-69] INFO  o.e.m.c.i.embedder.EclipseLogger - Copying 0 resource
2019-09-27 16:46:43,622 [Worker-67] INFO  o.e.m.c.i.embedder.EclipseLogger - Using 'UTF-8' encoding to copy filtered resources.
2019-09-27 16:46:43,622 [Worker-67] INFO  o.e.m.c.i.embedder.EclipseLogger - Copying 2 resources
2019-09-27 16:46:43,628 [Worker-67] INFO  o.e.m.c.i.embedder.EclipseLogger - Using 'UTF-8' encoding to copy filtered resources.
2019-09-27 16:46:43,633 [Worker-67] INFO  o.e.m.c.i.embedder.EclipseLogger - Copying 0 resource
2019-09-27 16:46:54,161 [Worker-68] INFO  o.e.m.c.i.embedder.EclipseLogger - Using 'UTF-8' encoding to copy filtered resources.
2019-09-27 16:46:54,162 [Worker-68] INFO  o.e.m.c.i.embedder.EclipseLogger - Copying 2 resources
2019-09-27 16:46:54,170 [Worker-68] INFO  o.e.m.c.i.embedder.EclipseLogger - Using 'UTF-8' encoding to copy filtered resources.
2019-09-27 16:46:54,176 [Worker-68] INFO  o.e.m.c.i.embedder.EclipseLogger - Copying 0 resource
2019-09-27 16:47:31,305 [Worker-70] INFO  o.e.m.c.i.embedder.EclipseLogger - Using 'UTF-8' encoding to copy filtered resources.
2019-09-27 16:47:31,306 [Worker-70] INFO  o.e.m.c.i.embedder.EclipseLogger - Copying 2 resources
2019-09-27 16:47:31,361 [Worker-70] INFO  o.e.m.c.i.embedder.EclipseLogger - Using 'UTF-8' encoding to copy filtered resources.
2019-09-27 16:47:31,370 [Worker-70] INFO  o.e.m.c.i.embedder.EclipseLogger - Copying 0 resource
2019-09-27 16:47:41,217 [Worker-71] INFO  o.e.m.c.i.embedder.EclipseLogger - Using 'UTF-8' encoding to copy filtered resources.
2019-09-27 16:47:41,218 [Worker-71] INFO  o.e.m.c.i.embedder.EclipseLogger - Copying 2 resources
2019-09-27 16:47:41,278 [Worker-71] INFO  o.e.m.c.i.embedder.EclipseLogger - Using 'UTF-8' encoding to copy filtered resources.
2019-09-27 16:47:41,289 [Worker-71] INFO  o.e.m.c.i.embedder.EclipseLogger - Copying 0 resource
2019-09-27 16:47:53,642 [Worker-61] INFO  o.e.m.c.i.embedder.EclipseLogger - Using 'UTF-8' encoding to copy filtered resources.
2019-09-27 16:47:53,643 [Worker-61] INFO  o.e.m.c.i.embedder.EclipseLogger - Copying 2 resources
2019-09-27 16:47:53,699 [Worker-61] INFO  o.e.m.c.i.embedder.EclipseLogger - Using 'UTF-8' encoding to copy filtered resources.
2019-09-27 16:47:53,707 [Worker-61] INFO  o.e.m.c.i.embedder.EclipseLogger - Copying 0 resource
2019-09-27 16:48:46,055 [Worker-67] INFO  o.e.m.c.i.embedder.EclipseLogger - Using 'UTF-8' encoding to copy filtered resources.
2019-09-27 16:48:46,056 [Worker-67] INFO  o.e.m.c.i.embedder.EclipseLogger - Copying 2 resources
2019-09-27 16:48:46,116 [Worker-67] INFO  o.e.m.c.i.embedder.EclipseLogger - Using 'UTF-8' encoding to copy filtered resources.
2019-09-27 16:48:46,125 [Worker-67] INFO  o.e.m.c.i.embedder.EclipseLogger - Copying 0 resource
2019-09-27 16:49:55,426 [Worker-69] INFO  o.e.m.c.i.embedder.EclipseLogger - Using 'UTF-8' encoding to copy filtered resources.
2019-09-27 16:49:55,427 [Worker-69] INFO  o.e.m.c.i.embedder.EclipseLogger - Copying 1 resource
2019-09-27 16:49:55,493 [Worker-69] INFO  o.e.m.c.i.embedder.EclipseLogger - Using 'UTF-8' encoding to copy filtered resources.
2019-09-27 16:49:55,498 [Worker-69] INFO  o.e.m.c.i.embedder.EclipseLogger - Copying 0 resource
2019-09-27 16:51:15,303 [Worker-67] INFO  o.e.m.c.i.embedder.EclipseLogger - Using 'UTF-8' encoding to copy filtered resources.
2019-09-27 16:51:15,304 [Worker-67] INFO  o.e.m.c.i.embedder.EclipseLogger - Copying 1 resource
2019-09-27 16:51:15,410 [Worker-67] INFO  o.e.m.c.i.embedder.EclipseLogger - Using 'UTF-8' encoding to copy filtered resources.
2019-09-27 16:51:15,420 [Worker-67] INFO  o.e.m.c.i.embedder.EclipseLogger - Copying 0 resource
2019-09-27 16:55:02,410 [Worker-74] INFO  o.e.m.c.i.embedder.EclipseLogger - Using 'UTF-8' encoding to copy filtered resources.
2019-09-27 16:55:02,411 [Worker-74] INFO  o.e.m.c.i.embedder.EclipseLogger - Copying 2 resources
2019-09-27 16:55:02,439 [Worker-74] INFO  o.e.m.c.i.embedder.EclipseLogger - Using 'UTF-8' encoding to copy filtered resources.
2019-09-27 16:55:02,445 [Worker-74] INFO  o.e.m.c.i.embedder.EclipseLogger - Copying 0 resource
2019-09-27 17:12:30,900 [Worker-71] INFO  o.e.m.c.i.embedder.EclipseLogger - Using 'UTF-8' encoding to copy filtered resources.
2019-09-27 17:12:30,910 [Worker-71] INFO  o.e.m.c.i.embedder.EclipseLogger - Copying 2 resources
2019-09-27 17:12:30,994 [Worker-71] INFO  o.e.m.c.i.embedder.EclipseLogger - Using 'UTF-8' encoding to copy filtered resources.
2019-09-27 17:12:31,003 [Worker-71] INFO  o.e.m.c.i.embedder.EclipseLogger - Copying 0 resource
2019-09-27 17:12:52,875 [Worker-76] INFO  o.e.m.c.i.embedder.EclipseLogger - Using 'UTF-8' encoding to copy filtered resources.
2019-09-27 17:12:52,876 [Worker-76] INFO  o.e.m.c.i.embedder.EclipseLogger - Copying 2 resources
2019-09-27 17:12:52,885 [Worker-76] INFO  o.e.m.c.i.embedder.EclipseLogger - Using 'UTF-8' encoding to copy filtered resources.
2019-09-27 17:12:52,893 [Worker-76] INFO  o.e.m.c.i.embedder.EclipseLogger - Copying 0 resource
2019-09-27 17:13:06,587 [Worker-77] INFO  o.e.m.c.i.embedder.EclipseLogger - Using 'UTF-8' encoding to copy filtered resources.
2019-09-27 17:13:06,588 [Worker-77] INFO  o.e.m.c.i.embedder.EclipseLogger - Copying 2 resources
2019-09-27 17:13:06,596 [Worker-77] INFO  o.e.m.c.i.embedder.EclipseLogger - Using 'UTF-8' encoding to copy filtered resources.
2019-09-27 17:13:06,602 [Worker-77] INFO  o.e.m.c.i.embedder.EclipseLogger - Copying 0 resource
2019-09-27 17:13:25,787 [Worker-71] INFO  o.e.m.c.i.embedder.EclipseLogger - Using 'UTF-8' encoding to copy filtered resources.
2019-09-27 17:13:25,788 [Worker-71] INFO  o.e.m.c.i.embedder.EclipseLogger - Copying 2 resources
2019-09-27 17:13:25,848 [Worker-71] INFO  o.e.m.c.i.embedder.EclipseLogger - Using 'UTF-8' encoding to copy filtered resources.
2019-09-27 17:13:25,854 [Worker-71] INFO  o.e.m.c.i.embedder.EclipseLogger - Copying 0 resource
2019-09-27 17:14:15,967 [Worker-69] INFO  o.e.m.c.i.embedder.EclipseLogger - Using 'UTF-8' encoding to copy filtered resources.
2019-09-27 17:14:15,968 [Worker-69] INFO  o.e.m.c.i.embedder.EclipseLogger - Copying 2 resources
2019-09-27 17:14:16,026 [Worker-69] INFO  o.e.m.c.i.embedder.EclipseLogger - Using 'UTF-8' encoding to copy filtered resources.
2019-09-27 17:14:16,031 [Worker-69] INFO  o.e.m.c.i.embedder.EclipseLogger - Copying 0 resource
2019-09-27 17:14:34,520 [Worker-74] INFO  o.e.m.c.i.embedder.EclipseLogger - Using 'UTF-8' encoding to copy filtered resources.
2019-09-27 17:14:34,521 [Worker-74] INFO  o.e.m.c.i.embedder.EclipseLogger - Copying 2 resources
2019-09-27 17:14:34,585 [Worker-74] INFO  o.e.m.c.i.embedder.EclipseLogger - Using 'UTF-8' encoding to copy filtered resources.
2019-09-27 17:14:34,593 [Worker-74] INFO  o.e.m.c.i.embedder.EclipseLogger - Copying 0 resource
2019-09-27 17:14:48,285 [Worker-76] INFO  o.e.m.c.i.embedder.EclipseLogger - Using 'UTF-8' encoding to copy filtered resources.
2019-09-27 17:14:48,286 [Worker-76] INFO  o.e.m.c.i.embedder.EclipseLogger - Copying 2 resources
2019-09-27 17:14:48,293 [Worker-76] INFO  o.e.m.c.i.embedder.EclipseLogger - Using 'UTF-8' encoding to copy filtered resources.
2019-09-27 17:14:48,300 [Worker-76] INFO  o.e.m.c.i.embedder.EclipseLogger - Copying 0 resource
2019-09-27 17:15:25,475 [Worker-75] INFO  o.e.m.c.i.embedder.EclipseLogger - Using 'UTF-8' encoding to copy filtered resources.
2019-09-27 17:15:25,476 [Worker-75] INFO  o.e.m.c.i.embedder.EclipseLogger - Copying 2 resources
2019-09-27 17:15:25,482 [Worker-75] INFO  o.e.m.c.i.embedder.EclipseLogger - Using 'UTF-8' encoding to copy filtered resources.
2019-09-27 17:15:25,487 [Worker-75] INFO  o.e.m.c.i.embedder.EclipseLogger - Copying 0 resource
2019-09-27 17:16:02,129 [Worker-75] INFO  o.e.m.c.i.embedder.EclipseLogger - Using 'UTF-8' encoding to copy filtered resources.
2019-09-27 17:16:02,129 [Worker-75] INFO  o.e.m.c.i.embedder.EclipseLogger - Copying 2 resources
2019-09-27 17:16:02,136 [Worker-75] INFO  o.e.m.c.i.embedder.EclipseLogger - Using 'UTF-8' encoding to copy filtered resources.
2019-09-27 17:16:02,141 [Worker-75] INFO  o.e.m.c.i.embedder.EclipseLogger - Copying 0 resource
2019-09-27 17:26:46,627 [Worker-78] INFO  o.e.m.c.i.embedder.EclipseLogger - Using 'UTF-8' encoding to copy filtered resources.
2019-09-27 17:26:46,628 [Worker-78] INFO  o.e.m.c.i.embedder.EclipseLogger - Copying 2 resources
2019-09-27 17:26:46,718 [Worker-78] INFO  o.e.m.c.i.embedder.EclipseLogger - Using 'UTF-8' encoding to copy filtered resources.
2019-09-27 17:26:46,754 [Worker-78] INFO  o.e.m.c.i.embedder.EclipseLogger - Copying 0 resource
2019-09-27 17:27:04,136 [Worker-78] INFO  o.e.m.c.i.embedder.EclipseLogger - Using 'UTF-8' encoding to copy filtered resources.
2019-09-27 17:27:04,137 [Worker-78] INFO  o.e.m.c.i.embedder.EclipseLogger - Copying 2 resources
2019-09-27 17:27:04,201 [Worker-78] INFO  o.e.m.c.i.embedder.EclipseLogger - Using 'UTF-8' encoding to copy filtered resources.
2019-09-27 17:27:04,211 [Worker-78] INFO  o.e.m.c.i.embedder.EclipseLogger - Copying 0 resource
2019-09-27 17:27:06,517 [Worker-80] INFO  o.e.m.c.i.embedder.EclipseLogger - Using 'UTF-8' encoding to copy filtered resources.
2019-09-27 17:27:06,518 [Worker-80] INFO  o.e.m.c.i.embedder.EclipseLogger - Copying 2 resources
2019-09-27 17:27:06,594 [Worker-80] INFO  o.e.m.c.i.embedder.EclipseLogger - Using 'UTF-8' encoding to copy filtered resources.
2019-09-27 17:27:06,600 [Worker-80] INFO  o.e.m.c.i.embedder.EclipseLogger - Copying 0 resource
2019-09-27 17:27:12,436 [Worker-74] INFO  o.e.m.c.i.embedder.EclipseLogger - Using 'UTF-8' encoding to copy filtered resources.
2019-09-27 17:27:12,436 [Worker-74] INFO  o.e.m.c.i.embedder.EclipseLogger - Copying 2 resources
2019-09-27 17:27:12,445 [Worker-74] INFO  o.e.m.c.i.embedder.EclipseLogger - Using 'UTF-8' encoding to copy filtered resources.
2019-09-27 17:27:12,451 [Worker-74] INFO  o.e.m.c.i.embedder.EclipseLogger - Copying 0 resource
2019-09-30 10:08:01,445 [Worker-1] WARN  o.e.m.c.i.embedder.EclipseLogger - The artifact org.hibernate:hibernate-validator:jar:6.1.0.Alpha6 has been relocated to org.hibernate.validator:hibernate-validator:jar:6.1.0.Alpha6
2019-10-03 09:53:01,127 [Worker-25] WARN  o.e.m.c.i.embedder.EclipseLogger - The artifact org.hibernate:hibernate-validator:jar:6.1.0.Alpha6 has been relocated to org.hibernate.validator:hibernate-validator:jar:6.1.0.Alpha6
2019-10-03 09:53:02,966 [Worker-25] INFO  o.e.m.c.i.embedder.EclipseLogger - Using 'UTF-8' encoding to copy filtered resources.
2019-10-03 09:53:02,972 [Worker-25] INFO  o.e.m.c.i.embedder.EclipseLogger - Copying 2 resources
2019-10-03 09:53:03,010 [Worker-25] INFO  o.e.m.c.i.embedder.EclipseLogger - Using 'UTF-8' encoding to copy filtered resources.
2019-10-03 09:53:03,011 [Worker-25] INFO  o.e.m.c.i.embedder.EclipseLogger - Copying 0 resource
2019-10-04 13:29:43,861 [Worker-25] WARN  o.e.m.c.i.embedder.EclipseLogger - The artifact org.hibernate:hibernate-validator:jar:6.1.0.Alpha6 has been relocated to org.hibernate.validator:hibernate-validator:jar:6.1.0.Alpha6
2019-10-04 13:32:12,619 [Worker-29] INFO  o.e.m.c.i.embedder.EclipseLogger - Using 'UTF-8' encoding to copy filtered resources.
2019-10-04 13:32:12,624 [Worker-29] INFO  o.e.m.c.i.embedder.EclipseLogger - Copying 2 resources
2019-10-04 13:32:12,652 [Worker-29] INFO  o.e.m.c.i.embedder.EclipseLogger - Using 'UTF-8' encoding to copy filtered resources.
2019-10-04 13:32:12,653 [Worker-29] INFO  o.e.m.c.i.embedder.EclipseLogger - Copying 0 resource
2019-10-04 13:33:20,766 [Worker-29] INFO  o.e.m.c.i.l.LifecycleMappingFactory - Using org.eclipse.m2e.jdt.JarLifecycleMapping lifecycle mapping for MavenProject: com.rishab:AdvanceHibernateMode2:0.0.1-SNAPSHOT @ C:\fullstackjava\microservices\AdvanceHibernateMode2\pom.xml.
2019-10-04 13:33:22,537 [Worker-29] INFO  o.e.m.c.i.e.AbstractTransferListenerAdapter - Downloading https://repo.maven.apache.org/maven2/org/mockito/mockito-all/1.9.5/mockito-all-1.9.5.pom
2019-10-04 13:33:22,829 [Worker-29] INFO  o.e.m.c.i.e.AbstractTransferListenerAdapter - Downloaded https://repo.maven.apache.org/maven2/org/mockito/mockito-all/1.9.5/mockito-all-1.9.5.pom
2019-10-04 13:33:23,020 [Worker-29] WARN  o.e.m.c.i.embedder.EclipseLogger - The artifact org.hibernate:hibernate-validator:jar:6.1.0.Alpha6 has been relocated to org.hibernate.validator:hibernate-validator:jar:6.1.0.Alpha6
2019-10-04 13:33:23,299 [Worker-29] INFO  o.e.m.c.i.e.AbstractTransferListenerAdapter - Downloading https://repo.maven.apache.org/maven2/org/mockito/mockito-all/1.9.5/mockito-all-1.9.5.jar
2019-10-04 13:33:26,129 [Worker-29] INFO  o.e.m.c.i.e.AbstractTransferListenerAdapter - Downloaded https://repo.maven.apache.org/maven2/org/mockito/mockito-all/1.9.5/mockito-all-1.9.5.jar
2019-10-04 13:33:26,724 [Worker-29] INFO  o.e.m.c.i.embedder.EclipseLogger - Using 'UTF-8' encoding to copy filtered resources.
2019-10-04 13:33:26,734 [Worker-29] INFO  o.e.m.c.i.embedder.EclipseLogger - Copying 0 resource
2019-10-04 13:33:26,736 [Worker-29] INFO  o.e.m.c.i.embedder.EclipseLogger - Using 'UTF-8' encoding to copy filtered resources.
2019-10-04 13:33:26,737 [Worker-29] INFO  o.e.m.c.i.embedder.EclipseLogger - Copying 0 resource
2019-10-04 13:33:27,723 [Worker-25] WARN  o.e.m.c.i.embedder.EclipseLogger - The artifact org.hibernate:hibernate-validator:jar:6.1.0.Alpha6 has been relocated to org.hibernate.validator:hibernate-validator:jar:6.1.0.Alpha6
2019-10-04 13:33:29,140 [Worker-25] INFO  o.e.m.c.i.l.LifecycleMappingFactory - Using org.eclipse.m2e.jdt.JarLifecycleMapping lifecycle mapping for MavenProject: com.rishab:AdvanceHibernateMode2:0.0.1-SNAPSHOT @ C:\fullstackjava\microservices\AdvanceHibernateMode2\pom.xml.
2019-10-04 13:33:29,274 [Worker-25] WARN  o.e.m.c.i.embedder.EclipseLogger - The artifact org.hibernate:hibernate-validator:jar:6.1.0.Alpha6 has been relocated to org.hibernate.validator:hibernate-validator:jar:6.1.0.Alpha6
2019-10-04 13:33:29,995 [Worker-25] INFO  o.e.m.c.i.embedder.EclipseLogger - Using 'UTF-8' encoding to copy filtered resources.
2019-10-04 13:33:30,000 [Worker-25] INFO  o.e.m.c.i.embedder.EclipseLogger - Copying 2 resources
2019-10-04 13:33:30,032 [Worker-25] INFO  o.e.m.c.i.embedder.EclipseLogger - Using 'UTF-8' encoding to copy filtered resources.
2019-10-04 13:33:30,039 [Worker-25] INFO  o.e.m.c.i.embedder.EclipseLogger - Copying 0 resource
2019-10-04 13:33:37,940 [Worker-34] INFO  o.e.m.c.i.p.ProjectConfigurationManager - Update started
2019-10-04 13:33:38,554 [Worker-34] INFO  o.e.m.c.i.l.LifecycleMappingFactory - Using org.eclipse.m2e.jdt.JarLifecycleMapping lifecycle mapping for MavenProject: com.rishab:AdvanceHibernateMode2:0.0.1-SNAPSHOT @ C:\fullstackjava\microservices\AdvanceHibernateMode2\pom.xml.
2019-10-04 13:33:38,686 [Worker-34] WARN  o.e.m.c.i.embedder.EclipseLogger - The artifact org.hibernate:hibernate-validator:jar:6.1.0.Alpha6 has been relocated to org.hibernate.validator:hibernate-validator:jar:6.1.0.Alpha6
2019-10-04 13:33:38,965 [Worker-34] INFO  o.e.m.j.i.AbstractJavaProjectConfigurator - Adding source folder /AdvanceHibernateMode2/src/main/java
2019-10-04 13:33:38,974 [Worker-34] INFO  o.e.m.j.i.AbstractJavaProjectConfigurator - Adding resource folder /AdvanceHibernateMode2/src/main/resources
2019-10-04 13:33:38,984 [Worker-34] INFO  o.e.m.j.i.AbstractJavaProjectConfigurator - Adding source folder /AdvanceHibernateMode2/src/test/java
2019-10-04 13:33:38,992 [Worker-34] INFO  o.e.m.j.i.AbstractJavaProjectConfigurator - Adding resource folder /AdvanceHibernateMode2/src/test/resources
2019-10-04 13:33:39,240 [Worker-34] INFO  o.e.m.c.i.p.ProjectConfigurationManager - Update completed: 1 sec
2019-10-04 13:33:39,672 [Worker-32] WARN  o.e.m.c.i.embedder.EclipseLogger - The artifact org.hibernate:hibernate-validator:jar:6.1.0.Alpha6 has been relocated to org.hibernate.validator:hibernate-validator:jar:6.1.0.Alpha6
2019-10-04 13:33:39,764 [Worker-32] INFO  o.e.m.c.i.embedder.EclipseLogger - Using 'UTF-8' encoding to copy filtered resources.
2019-10-04 13:33:39,772 [Worker-32] INFO  o.e.m.c.i.embedder.EclipseLogger - Copying 2 resources
2019-10-04 13:33:39,790 [Worker-32] INFO  o.e.m.c.i.embedder.EclipseLogger - Using 'UTF-8' encoding to copy filtered resources.
2019-10-04 13:33:39,791 [Worker-32] INFO  o.e.m.c.i.embedder.EclipseLogger - Copying 0 resource
2019-10-04 13:38:22,261 [Worker-25] INFO  o.e.m.c.i.l.LifecycleMappingFactory - Using org.eclipse.m2e.jdt.JarLifecycleMapping lifecycle mapping for MavenProject: com.rishab:AdvanceHibernateMode2:0.0.1-SNAPSHOT @ C:\fullstackjava\microservices\AdvanceHibernateMode2\pom.xml.
2019-10-04 13:38:22,393 [Worker-25] WARN  o.e.m.c.i.embedder.EclipseLogger - The artifact org.hibernate:hibernate-validator:jar:6.1.0.Alpha6 has been relocated to org.hibernate.validator:hibernate-validator:jar:6.1.0.Alpha6
2019-10-04 13:38:22,717 [Worker-25] INFO  o.e.m.c.i.embedder.EclipseLogger - Using 'UTF-8' encoding to copy filtered resources.
2019-10-04 13:38:22,724 [Worker-25] INFO  o.e.m.c.i.embedder.EclipseLogger - Copying 0 resource
2019-10-04 13:38:22,731 [Worker-25] INFO  o.e.m.c.i.embedder.EclipseLogger - Using 'UTF-8' encoding to copy filtered resources.
2019-10-04 13:38:22,737 [Worker-25] INFO  o.e.m.c.i.embedder.EclipseLogger - Copying 0 resource
